{
  "success": true,
  "results": [
    {
      "command": [
        "/Users/ningyedong/面向边缘智能场景的小型机械臂云边协同控制系统的设计/.venv/bin/python",
        "scripts/run_phase3_safe_task.py"
      ],
      "returncode": 0,
      "stdout": "{\n  \"success\": true,\n  \"task_id\": \"phase3-safe-5e19ca13\",\n  \"state\": \"COMPLETED\",\n  \"completed_step_count\": 10,\n  \"error_code\": null,\n  \"has_stop_events\": false\n}",
      "stderr": ""
    },
    {
      "command": [
        "/Users/ningyedong/面向边缘智能场景的小型机械臂云边协同控制系统的设计/.venv/bin/python",
        "scripts/run_phase3_workspace_violation.py"
      ],
      "returncode": 0,
      "stdout": "{\n  \"allowed\": false,\n  \"decision\": \"REJECT\",\n  \"blocking_rules\": [\n    \"CTX_MATCH\",\n    \"WORKSPACE\",\n    \"REACHABILITY\",\n    \"STEP_TIMEOUT\",\n    \"WATCHDOG\"\n  ]\n}",
      "stderr": ""
    },
    {
      "command": [
        "/Users/ningyedong/面向边缘智能场景的小型机械臂云边协同控制系统的设计/.venv/bin/python",
        "scripts/run_phase3_velocity_limit.py"
      ],
      "returncode": 0,
      "stdout": "{\n  \"success\": true,\n  \"task_id\": \"phase3-velocity-48dd670a\",\n  \"state\": \"COMPLETED\",\n  \"error_code\": null\n}",
      "stderr": ""
    },
    {
      "command": [
        "/Users/ningyedong/面向边缘智能场景的小型机械臂云边协同控制系统的设计/.venv/bin/python",
        "scripts/run_phase3_collision_case.py"
      ],
      "returncode": 0,
      "stdout": "{\n  \"success\": false,\n  \"task_id\": \"phase3-collision-99f7d33c\",\n  \"state\": \"SAFETY_STOPPED\",\n  \"error_code\": \"COLLISION_DETECTED\",\n  \"estop_active\": true,\n  \"robot_stopped\": true\n}",
      "stderr": ""
    },
    {
      "command": [
        "/Users/ningyedong/面向边缘智能场景的小型机械臂云边协同控制系统的设计/.venv/bin/python",
        "scripts/run_phase3_obstacle_case.py"
      ],
      "returncode": 0,
      "stdout": "{\n  \"allowed\": false,\n  \"decision\": \"REJECT\",\n  \"rule_count\": 21,\n  \"blocking_rules\": [\n    \"CTX_MATCH\",\n    \"OBSTACLE\",\n    \"STEP_TIMEOUT\",\n    \"WATCHDOG\"\n  ]\n}",
      "stderr": ""
    },
    {
      "command": [
        "/Users/ningyedong/面向边缘智能场景的小型机械臂云边协同控制系统的设计/.venv/bin/python",
        "scripts/run_phase3_stale_scene_case.py"
      ],
      "returncode": 0,
      "stdout": "{\n  \"allowed\": false,\n  \"decision\": \"REJECT\",\n  \"stale_rules\": [\n    \"TEL_FRESH\",\n    \"SCENE_FRESH\",\n    \"STEP_TIMEOUT\",\n    \"WATCHDOG\"\n  ]\n}",
      "stderr": ""
    },
    {
      "command": [
        "/Users/ningyedong/面向边缘智能场景的小型机械臂云边协同控制系统的设计/.venv/bin/python",
        "scripts/run_phase3_watchdog_timeout.py"
      ],
      "returncode": 0,
      "stdout": "{\n  \"allowed\": false,\n  \"decision\": \"EMERGENCY_STOP\",\n  \"watchdog_triggered\": true\n}",
      "stderr": ""
    }
  ]
}
