{
  "success": true,
  "no_manual_safety_context": true,
  "scripts_ok": true,
  "results": [
    {
      "command": [
        "/Users/ningyedong/面向边缘智能场景的小型机械臂云边协同控制系统的设计/.venv/bin/python",
        "scripts/run_phase3_integrated_safe_task.py"
      ],
      "returncode": 0,
      "stdout": "{\n  \"success\": true,\n  \"task_id\": \"phase31-safe-1d6ba75d\",\n  \"state\": \"COMPLETED\",\n  \"completed_step_count\": 10,\n  \"error_code\": null,\n  \"shield_injected\": true\n}",
      "stderr": ""
    },
    {
      "command": [
        "/Users/ningyedong/面向边缘智能场景的小型机械臂云边协同控制系统的设计/.venv/bin/python",
        "scripts/run_phase3_integrated_workspace_reject.py"
      ],
      "returncode": 0,
      "stdout": "{\n  \"success\": false,\n  \"state\": \"FAILED\",\n  \"error_code\": \"WORKSPACE_VIOLATION\",\n  \"motion_actions\": []\n}",
      "stderr": ""
    },
    {
      "command": [
        "/Users/ningyedong/面向边缘智能场景的小型机械臂云边协同控制系统的设计/.venv/bin/python",
        "scripts/run_phase3_integrated_path_collision.py"
      ],
      "returncode": 0,
      "stdout": "{\n  \"success\": false,\n  \"state\": \"FAILED\",\n  \"error_code\": \"PATH_COLLISION\",\n  \"motion_actions\": []\n}",
      "stderr": ""
    },
    {
      "command": [
        "/Users/ningyedong/面向边缘智能场景的小型机械臂云边协同控制系统的设计/.venv/bin/python",
        "scripts/run_phase3_integrated_pause.py"
      ],
      "returncode": 0,
      "stdout": "{\n  \"success\": false,\n  \"state\": \"PAUSED\",\n  \"error_code\": \"TEL_MISSING\",\n  \"motion_actions\": [],\n  \"is_pause\": true\n}",
      "stderr": ""
    },
    {
      "command": [
        "/Users/ningyedong/面向边缘智能场景的小型机械臂云边协同控制系统的设计/.venv/bin/python",
        "scripts/run_phase3_integrated_emergency_stop.py"
      ],
      "returncode": 0,
      "stdout": "{\n  \"success\": false,\n  \"state\": \"SAFETY_STOPPED\",\n  \"robot_stopped\": true,\n  \"estop_active\": true\n}",
      "stderr": ""
    },
    {
      "command": [
        "/Users/ningyedong/面向边缘智能场景的小型机械臂云边协同控制系统的设计/.venv/bin/python",
        "scripts/run_phase3_integrated_velocity_limit.py"
      ],
      "returncode": 0,
      "stdout": "{\n  \"success\": true,\n  \"state\": \"COMPLETED\",\n  \"limited_executed\": true\n}",
      "stderr": ""
    },
    {
      "command": [
        "/Users/ningyedong/面向边缘智能场景的小型机械臂云边协同控制系统的设计/.venv/bin/python",
        "scripts/run_phase3_integrated_stale_telemetry.py"
      ],
      "returncode": 0,
      "stdout": "{\n  \"success\": false,\n  \"state\": \"PAUSED\",\n  \"error_code\": \"SAFETY_PAUSE_REQUESTED\"\n}",
      "stderr": ""
    }
  ]
}
