Phase 6.2 Final Acceptance Verification
============================================================
1. SQLite restart, persisted context, replan apply, and checkpoint resume ...
1. SQLite restart, persisted context, replan apply, and checkpoint resume: OK
2. completed steps are immutable and stale CAS loses ...
2. completed steps are immutable and stale CAS loses: OK
3. idempotency conflicts and duplicate completion evidence ...
3. idempotency conflicts and duplicate completion evidence: OK
4. missing context and identity mismatches fail closed ...
4. missing context and identity mismatches fail closed: OK
5. completion evidence model fails closed ...
5. completion evidence model fails closed: OK
6. production configuration blocks test doubles ...
6. production configuration blocks test doubles: OK
7. Phase 5 regression script ...
7. Phase 5 regression script: OK
8. no stub success paths in production source ...
8. no stub success paths in production source: OK

8/8 checks passed
success=true
