2026-06-17T04:30:20Z [Info] [carb] Logging to file: $HOME/.venvs/bigsmall-isaacsim-6.0.0.1/lib/python3.12/site-packages/isaacsim/kit/logs/Kit/Isaac-Sim Python/6.0/kit_20260617_123020.log
[0.065s] [ext: omni.assets.plugins-0.0.0] startup
[0.066s] [ext: omni.blobkey-1.1.2] startup
[0.066s] [ext: omni.kit.async_engine-0.0.3] startup
[0.177s] [ext: omni.client.lib-1.1.1] startup
[0.188s] [ext: omni.client-1.3.0] startup
[0.192s] [ext: omni.protobuf.lib-1.0.0] startup
[0.193s] [ext: omni.grpc.lib-1.0.0] startup
[0.197s] [ext: omni.metrics.core-0.0.3] startup
[0.197s] [ext: omni.datastore-0.0.0] startup
[0.198s] [ext: omni.gpu_foundation.shadercache.vulkan-1.0.0] startup
[0.199s] [ext: omni.hsscclient-1.1.4] startup
[0.200s] [ext: omni.stats-1.0.1] startup
[0.201s] [ext: omni.ujitso.default-1.0.0] startup
[0.203s] [ext: omni.gpu_foundation-0.0.0] startup
[0.457s] [ext: carb.windowing.plugins-1.0.1] startup
[0.458s] [ext: omni.kit.renderer.init-1.0.1] startup
2026-06-17T04:30:21Z [464ms] [Warning] [omni.platforminfo.plugin] failed to open the default display.  Can't verify X Server version.

|---------------------------------------------------------------------------------------------|
| Driver Version: 595.71.05     | Graphics API: Vulkan
|=============================================================================================|
| GPU | Name                             | Active | LDA | GPU Memory | Vendor-ID | LUID       |
|     |                                  |        |     |            | Device-ID | UUID       |
|     |                                  |        |     |            | Bus-ID    |            |
|---------------------------------------------------------------------------------------------|
| 0   | NVIDIA GeForce RTX 4070 Ti SUPER | Yes: 0 |     | 16622   MB | 10de      | 0          |
|     |                                  |        |     |            | 2705      | 4d899cac.. |
|     |                                  |        |     |            | 8         |            |
|=============================================================================================|
| OS: 26.04 LTS (Resolute Raccoon) ubuntu, Version: 26.04.1635021678, Kernel: 7.0.0-22-generic
| Processor: AMD Ryzen 7 5800X 8-Core Processor
| Cores: 8 | Logical Cores: 16
|---------------------------------------------------------------------------------------------|
| Total Memory (MB): 62159 | Free Memory: 44586
| Total Page/Swap (MB): 8191 | Free Page/Swap: 8039
|---------------------------------------------------------------------------------------------|
2026-06-17T04:30:21Z [983ms] [Warning] [omni.rtx] IOMMU is enabled.
[1.149s] [ext: omni.kit.pipapi-0.0.0] startup
[1.150s] [ext: omni.kit.telemetry-0.5.2] startup
[1.189s] [ext: omni.kit.loop-isaac-1.6.0] startup
[1.191s] [ext: omni.kit.test-2.0.7] startup
[1.243s] [ext: omni.materialx.libs-1.0.9] startup
[1.250s] [ext: omni.gpucompute.plugins-0.0.0] startup
[1.250s] [ext: omni.usd.config-1.0.7] startup
[1.254s] [ext: omni.usd.libs-1.0.3] startup
[1.330s] [ext: omni.iray.libs-0.0.1] startup
[1.335s] [ext: omni.mdl-57.0.3] startup
[1.400s] [ext: omni.mdl.neuraylib-0.2.20] startup
[1.402s] [ext: omni.kit.usd.mdl-1.1.9] startup
[1.497s] [ext: omni.appwindow-1.2.2] startup
[1.499s] [ext: omni.kit.renderer.core-1.2.2] startup
2026-06-17T04:30:22Z [1,480ms] [Warning] [carb.windowing-glfw.plugin] GLFW initialization failed.
2026-06-17T04:30:22Z [1,480ms] [Warning] [carb] Failed to startup plugin carb.windowing-glfw.plugin (interfaces: [carb::windowing::IGLContext v1.0],[carb::windowing::IWindowing v1.5]) (impl: carb.windowing-glfw.plugin)
[1.528s] [ext: omni.kit.renderer.capture-2.0.1] startup
[1.531s] [ext: omni.kit.renderer.imgui-2.0.6] startup
2026-06-17T04:30:22Z [1,503ms] [Warning] [carb.windowing-glfw.plugin] GLFW initialization failed.
2026-06-17T04:30:22Z [1,503ms] [Warning] [carb] Failed to startup plugin carb.windowing-glfw.plugin (interfaces: [carb::windowing::IGLContext v1.0],[carb::windowing::IWindowing v1.5]) (impl: carb.windowing-glfw.plugin)
2026-06-17T04:30:22Z [1,504ms] [Warning] [carb.windowing-glfw.plugin] GLFW initialization failed.
2026-06-17T04:30:22Z [1,504ms] [Warning] [carb] Failed to startup plugin carb.windowing-glfw.plugin (interfaces: [carb::windowing::IGLContext v1.0],[carb::windowing::IWindowing v1.5]) (impl: carb.windowing-glfw.plugin)
[1.589s] [ext: omni.ui-3.1.3] startup
[1.597s] [ext: omni.kit.mainwindow-1.0.3] startup
[1.598s] [ext: carb.audio-0.1.0] startup
[1.606s] [ext: omni.uiaudio-1.0.0] startup
[1.607s] [ext: omni.kit.uiapp-0.0.0] startup
[1.607s] [ext: omni.usd.schema.metrics.assembler-110.1.0] startup
[1.610s] [ext: omni.usd.schema.audio-0.0.1] startup
[1.613s] [ext: omni.usd_resolver-1.0.0] startup
[1.616s] [ext: omni.usd.core-1.8.3] startup
[1.620s] [ext: omni.metropolis.schema-0.0.3] startup
[1.620s] [ext: isaacsim.anim.robot.schema-0.1.1] startup
[1.621s] [ext: omni.usd.schema.anim-0.0.1] startup
[1.637s] [ext: omni.usd.schema.geospatial-0.0.1] startup
[1.639s] [ext: omni.usd.schema.omnigraph-1.0.1] startup
[1.644s] [ext: omni.usd.schema.semantics-0.0.0] startup
[1.646s] [ext: omni.activity.core-1.0.3] startup
[1.647s] [ext: omni.cubric-0.1.0] startup
[1.648s] [ext: omni.graph.exec-0.9.6] startup
[1.648s] [ext: omni.hydra.scene_delegate-0.3.5] startup
[1.652s] [ext: usdrt.scenegraph-7.6.3] startup
[1.673s] [ext: omni.hydra.usdrt_delegate-7.5.2] startup
[1.678s] [ext: omni.inspect-1.0.2] startup
[1.680s] [ext: omni.kit.actions.core-1.0.0] startup
[1.681s] [ext: omni.kit.audiodeviceenum-1.0.2] startup
[1.682s] [ext: omni.kit.commands-1.5.0] startup
[1.685s] [ext: omni.kit.exec.core-0.13.5] startup
[1.686s] [ext: omni.kit.usd_undo-0.1.8] startup
[1.686s] [ext: omni.kit.window.popup_dialog-2.0.25] startup
[1.689s] [ext: omni.kit.widget.nucleus_connector-2.3.1] startup
[1.692s] [ext: omni.timeline-1.1.0] startup
[1.694s] [ext: omni.usd-1.15.2] startup
[1.725s] [ext: omni.graph.core-3.1.2] startup
[1.728s] [ext: omni.kit.notification_manager-1.0.11] startup
[1.729s] [ext: isaacsim.core.deprecation_manager-0.4.2] startup
[1.730s] [ext: isaacsim.replicator.agent.schema-0.1.1] startup
[1.731s] [ext: isaacsim.robot.schema-6.3.6] startup
[1.735s] [ext: isaacsim.robot_motion.schema-0.2.0] startup
[1.736s] [ext: omni.anim.behavior.schema-110.1.0] startup
[1.739s] [ext: omni.anim.graph.schema-110.1.1] startup
[1.744s] [ext: omni.anim.navigation.schema-110.1.0] startup
[1.747s] [ext: omni.behavior.tree.schema-110.1.0] startup
[1.748s] [ext: omni.kit.asset_converter-5.1.4] startup
[1.759s] [ext: omni.usd.schema.flow-110.0.0] startup
[1.760s] [ext: omni.usd.schema.mujoco-1.1.0] startup
[1.760s] [ext: omni.usd.schema.newton-1.2.0] startup
[1.761s] [ext: omni.usd.schema.omni_lens_distortion-1.0.0] startup
[1.762s] [ext: omni.usd.schema.omni_projectors-1.0.0] startup
[1.762s] [ext: omni.usd.schema.omni_sensors-0.0.0] startup
[1.769s] [ext: omni.usd.schema.omniscripting-1.0.1] startup
[1.772s] [ext: omni.usd.schema.physical_lighting-0.1.0] startup
[1.775s] [ext: omni.usd.schema.physx-110.1.11] startup
[1.799s] [ext: omni.usd.schema.render_settings.rtx-1.0.2] startup
[1.802s] [ext: omni.usd.schema.usd_particle_field-1.0.0] startup
[1.803s] [ext: isaacsim.core.version-2.1.0] startup
[1.803s] [ext: omni.kit.menu.core-1.2.0] startup
[1.804s] [ext: omni.kit.menu.utils-2.2.3] startup
[1.810s] [ext: isaacsim.app.about-2.3.0] startup
[1.814s] [ext: isaacsim.asset.transformer-1.2.3] startup
[1.817s] [ext: omni.scene.optimizer.core-110.1.0] startup
[1.866s] [ext: isaacsim.asset.importer.utils-1.8.0] startup
[1.867s] [ext: omni.convexdecomposition-110.1.11] startup
[1.869s] [ext: omni.physics-110.1.11] startup
[1.872s] [ext: omni.physx.gpu-110.1.11] startup
[1.872s] [ext: omni.physx.foundation-110.1.11] startup
[1.873s] [ext: omni.usdphysics-110.1.11] startup
[1.875s] [ext: omni.physx.cooking-110.1.11] startup
[1.877s] [ext: omni.physx-110.1.11] startup
[1.885s] [ext: omni.physics.physx-110.1.11] startup
[1.887s] [ext: isaacsim.asset.exporter.urdf-2.0.3] startup
[1.893s] [ext: omni.kit.clipboard-1.1.1] startup
[1.894s] [ext: omni.kit.usd.layers-2.6.1] startup
[1.901s] [ext: omni.kit.widget.context_menu-1.4.0] startup
[1.902s] [ext: omni.kit.context_menu-1.9.0] startup
[1.903s] [ext: omni.kit.helper.file_utils-0.1.10] startup
[1.905s] [ext: omni.kit.widget.nucleus_info-2.0.2] startup
[1.905s] [ext: omni.kit.search_core-1.0.8] startup
[1.906s] [ext: omni.kit.widget.path_field-2.0.13] startup
[1.906s] [ext: omni.kit.widget.browser_bar-2.0.10] startup
[1.907s] [ext: omni.kit.widget.filebrowser-2.13.4] startup
[1.911s] [ext: omni.kit.widget.options_menu-1.1.6] startup
[1.914s] [ext: omni.kit.widget.options_button-1.0.3] startup
[1.914s] [ext: omni.kit.widget.search_delegate-1.0.9] startup
[1.915s] [ext: omni.ui.scene-2.0.1] startup
[1.920s] [ext: omni.kit.window.filepicker-2.15.5] startup
[1.930s] [ext: omni.kit.window.file_importer-1.1.21] startup
[1.932s] [ext: omni.kit.material.library-3.1.2] startup
[1.936s] [ext: isaacsim.asset.transformer.rules-1.7.8] startup
[1.945s] [ext: omni.usdex.libs-2.2.2] startup
[1.952s] [ext: isaacsim.asset.importer.mjcf-3.10.0] startup
[1.953s] [ext: isaacsim.asset.importer.urdf-3.11.0] startup
[1.957s] [ext: omni.kit.primitive.mesh-1.1.0] startup
[1.959s] [ext: omni.kit.stage_template.core-1.1.22] startup
[1.959s] [ext: omni.kit.stage_templates-2.0.2] startup
[1.961s] [ext: omni.usd.metrics.assembler-110.1.2] startup
[1.963s] [ext: omni.warp.core-1.13.0] startup
[2.148s] [ext: isaacsim.core.experimental.utils-0.17.1] startup
[2.149s] [ext: omni.physics.stageupdate-110.1.11] startup
[2.151s] [ext: omni.physics.tensors-110.1.11] startup
[2.155s] [ext: omni.physx.tensors-110.1.11] startup
[2.158s] [ext: isaacsim.core.simulation_manager-1.15.4] startup
2026-06-17T04:30:22Z [2,139ms] [Warning] [isaacsim.core.simulation_manager.plugin] USD stage is not available; stage-opened subscription is deferred
2026-06-17T04:30:22Z [2,139ms] [Warning] [isaacsim.core.simulation_manager.plugin] USD stage is not available; stage-opened subscription is deferred
[2.171s] [ext: isaacsim.storage.native-1.9.2] startup
[2.172s] [ext: omni.usd.metrics.assembler.physics-110.1.11] startup
[2.173s] [ext: isaacsim.core.utils-4.1.6] startup
[2.176s] [ext: isaacsim.core.prims-0.11.6] startup
[3.280s] [ext: isaacsim.core.api-5.2.12] startup
[3.288s] [ext: isaacsim.core.cloner-1.7.2] startup
[3.289s] [ext: isaacsim.test.docstring-1.3.1] startup
[3.292s] [ext: isaacsim.core.experimental.prims-1.8.8] startup
[3.314s] [ext: isaacsim.core.experimental.primdata-0.3.2] startup
[3.316s] [ext: omni.graph.tools-1.81.0] startup
[3.338s] [ext: omni.graph-1.142.5] startup
[3.371s] [ext: isaacsim.core.experimental.actuators-0.1.0] startup
[5.339s] [ext: isaacsim.core.experimental.materials-0.7.0] startup
[5.342s] [ext: isaacsim.core.experimental.objects-0.8.0] startup
[5.402s] [ext: omni.hydra.engine.stats-1.0.5] startup
[5.404s] [ext: omni.hydra.rtx.shadercache.vulkan-1.0.0] startup
[5.405s] [ext: omni.index.libs-387500.3473.0] startup
[5.405s] [ext: omni.index-1.0.1] startup
[5.406s] [ext: omni.ujitso.client-0.0.0] startup
[5.406s] [ext: omni.usd.schema.playback-1.0.0] startup
[5.409s] [ext: omni.volume-0.5.2] startup
[5.414s] [ext: omni.hydra.rtx-1.0.3] startup
2026-06-17T04:30:26Z [5,396ms] [Warning] [omni.log] Source: omni.hydra was already registered.
[5.450s] [ext: omni.kit.hydra_texture-1.6.0] startup
[5.454s] [ext: omni.kit.raycast.query-1.2.0] startup
[5.459s] [ext: omni.kit.viewport.legacy_gizmos-1.0.24] startup
[5.462s] [ext: omni.kit.viewport.registry-104.0.6] startup
[5.462s] [ext: omni.kit.viewport.scene_camera_model-1.0.7] startup
[5.466s] [ext: omni.kit.widget.viewport-109.2.0] startup
[5.470s] [ext: omni.kit.window.drop_support-1.0.8] startup
[5.471s] [ext: omni.kit.viewport.window-109.0.2] startup
[5.487s] [ext: omni.kit.viewport.utility-2.0.1] startup
[5.488s] [ext: isaacsim.core.rendering_manager-0.4.2] startup
[5.505s] [ext: omni.graph.action_core-1.1.9] startup
[5.508s] [ext: omni.graph.action_nodes_core-2.10.2] startup
[5.511s] [ext: omni.graph.action_nodes-2.10.3] startup
[5.531s] [ext: omni.graph.action-2.10.2] startup
[5.532s] [ext: omni.graph.image.core-0.6.1] startup
[5.533s] [ext: omni.graph.image.nodes-1.3.1] startup
[5.534s] [ext: omni.graph.nodes_core-2.10.3] startup
[5.539s] [ext: omni.graph.nodes-2.11.1] startup
[5.545s] [ext: omni.kit.hotkeys.core-1.3.12] startup
[5.546s] [ext: omni.kit.property.adapter.core-1.1.1] startup
[5.563s] [ext: omni.kit.property.adapter.usd-1.0.5] startup
[5.564s] [ext: omni.kit.widget.filter-1.1.5] startup
[5.565s] [ext: omni.kit.widget.highlight_label-1.0.3] startup
[5.566s] [ext: omni.kit.widget.searchfield-1.1.8] startup
[5.567s] [ext: omni.kit.window.file_exporter-1.0.36] startup
[5.568s] [ext: omni.kit.widget.stage-4.3.0] startup
[5.576s] [ext: omni.kit.window.content_browser_registry-0.0.6] startup
[5.577s] [ext: omni.kit.window.file-2.0.10] startup
[5.580s] [ext: omni.kit.window.content_browser-3.1.8] startup
[5.589s] [ext: omni.kit.window.property-1.15.1] startup
[5.600s] [ext: omni.kit.property.usd-4.8.1] startup
[5.609s] [ext: omni.graph.scriptnode-2.10.2] startup
[5.617s] [ext: omni.kit.widget.searchable_combobox-1.0.7] startup
[5.618s] [ext: omni.kit.widget.settings-2.0.0] startup
[5.620s] [ext: omni.kit.window.preferences-1.8.3] startup
[5.625s] [ext: omni.kit.viewport.menubar.core-107.2.2] startup
[5.636s] [ext: omni.syntheticdata-0.6.15] startup
[5.661s] [ext: omni.replicator.nv-1.1.1] startup
[5.666s] [ext: omni.videoencoding-0.2.1] startup
[5.668s] [ext: omni.replicator.core-1.13.25] startup
2026-06-17T04:30:26Z [5,646ms] [Warning] [pxr.Semantics] pxr.Semantics is deprecated - please use Semantics instead
2026-06-17T04:30:26Z [5,718ms] [Warning] [omni.replicator.core.scripts.extension] No material configuration file, adding configuration to material settings directly.
[5.884s] [ext: isaacsim.core.nodes-5.10.4] startup
[5.914s] [ext: isaacsim.core.throttling-2.3.3] startup
[5.915s] [ext: omni.kit.manipulator.viewport-107.0.1] startup
[5.916s] [ext: omni.graph.visualization.nodes-2.1.4] startup
[5.930s] [ext: omni.kit.window.extensions-1.5.7] startup
[5.935s] [ext: isaacsim.gui.components-1.8.4] startup
[5.939s] [ext: isaacsim.robot.surface_gripper-3.6.1] startup
[5.950s] [ext: isaacsim.robot.manipulators-3.4.4] startup
[5.961s] [ext: isaacsim.robot_motion.lula-4.1.2] startup
[5.968s] [ext: isaacsim.robot_motion.motion_generation-8.2.8] startup
[5.975s] [ext: isaacsim.cortex.framework-1.0.17] startup
[5.976s] [ext: isaacsim.cortex.behaviors-2.0.16] startup
[5.978s] [ext: isaacsim.examples.base-1.3.1] startup
[5.980s] [ext: omni.kit.widget.zoombar-1.0.7] startup
[5.981s] [ext: omni.kit.browser.core-2.3.18] startup
[5.984s] [ext: omni.kit.browser.folder.core-2.0.2] startup
[5.989s] [ext: omni.kit.widget.stage_icons-1.0.8] startup
[5.990s] [ext: omni.kit.window.stage-2.6.1] startup
[5.993s] [ext: omni.kit.menu.stage-1.2.7] startup
[5.994s] [ext: omni.kit.usd.collect-3.0.5] startup
[5.997s] [ext: omni.kit.widget.prompt-1.0.7] startup
[5.998s] [ext: omni.kit.tool.collect-2.2.19] startup
[6.000s] [ext: isaacsim.examples.browser-0.3.1] startup
[6.002s] [ext: omni.kit.search.files-1.0.4] startup
[6.003s] [ext: omni.kit.widget.calendar-1.0.9] startup
[6.005s] [ext: omni.kit.widget.extended_searchfield-1.0.31] startup
[6.013s] [ext: omni.simready.content.browser-0.3.7] startup
[6.099s] [ext: isaacsim.gui.content_browser-0.4.2] startup
[6.101s] [ext: omni.kit.selection-0.1.6] startup
[6.103s] [ext: isaacsim.gui.menu-2.10.5] startup
[6.111s] [ext: isaacsim.gui.property-1.6.2] startup
[6.117s] [ext: omni.kit.viewport.actions-107.0.2] startup
[6.121s] [ext: omni.kit.viewport.menubar.display-107.1.3] startup
[6.123s] [ext: isaacsim.gui.sensors.icon-2.2.0] startup
[6.126s] [ext: omni.behavior.scripting.core-110.1.0] startup
[6.130s] [ext: isaacsim.replicator.behavior-1.5.3] startup
[6.130s] [ext: isaacsim.replicator.experimental.domain_randomization-1.2.4] startup
[6.146s] [ext: isaacsim.replicator.domain_randomization-1.2.1] startup
[6.217s] [ext: isaacsim.replicator.writers-1.5.3] startup
[6.240s] [ext: isaacsim.robot.experimental.wheeled_robots-0.2.9] startup
[6.262s] [ext: isaacsim.robot.policy.examples-5.2.11] startup
[6.273s] [ext: isaacsim.robot.wheeled_robots-5.2.3] startup
[6.277s] [ext: isaacsim.robot.wheeled_robots.nodes-0.1.2] startup
[6.296s] [ext: isaacsim.robot_motion.experimental.motion_generation-6.1.2] startup
[6.306s] [ext: isaacsim.robot_motion.cumotion-1.3.0] startup
[6.318s] [ext: omni.kit.numpy.common-0.1.3] startup
[6.319s] [ext: isaacsim.sensors.camera-1.7.8] startup
[6.348s] [ext: isaacsim.sensors.experimental.physics-3.0.1] startup
[6.355s] [ext: omni.sensors.net-1.0.1] startup
[6.358s] [ext: omni.sensors.nv.common-3.0.0] startup
[6.370s] [ext: omni.sensors.nv.materials-2.0.0] startup
[6.374s] [ext: omni.sensors.nv.acoustic-3.0.0] startup
[6.378s] [ext: omni.sensors.nv.ids-2.0.1] startup
[6.380s] [ext: omni.sensors.nv.lidar-3.0.0] startup
[6.385s] [ext: omni.sensors.nv.radar-3.0.0] startup
[6.388s] [ext: isaacsim.sensors.experimental.rtx-1.4.3] startup
[6.644s] [ext: isaacsim.sensors.physics.nodes-1.5.2] startup
[6.651s] [ext: isaacsim.util.debug_draw-3.2.2] startup
[6.657s] [ext: isaacsim.sensors.physx-2.5.4] startup
[6.664s] [ext: isaacsim.sensors.rtx-15.17.0] startup
[6.675s] [ext: isaacsim.simulation_app-2.18.3] startup
[6.676s] [ext: omni.anim.curve.core-1.6.0] startup
[6.685s] [ext: omni.graph.ui_nodes-2.10.5] startup
[6.710s] [ext: omni.hydra.scene_api-0.1.3] startup
[6.715s] [ext: omni.kit.manipulator.camera-110.0.0] startup
[6.719s] [ext: omni.kit.manipulator.selector-1.1.4] startup
[6.720s] [ext: omni.kit.manipulator.transform-107.0.0] startup
[6.724s] [ext: omni.kit.widget.toolbar-2.1.0] startup
[6.730s] [ext: omni.kit.manipulator.tool.snap-1.5.14] startup
[6.734s] [ext: omni.kit.viewport.manipulator.transform-107.0.4] startup
[6.736s] [ext: omni.kit.manipulator.prim.core-108.0.2] startup
[6.741s] [ext: omni.kit.manipulator.prim.usd-107.0.3] startup
[6.743s] [ext: omni.kit.manipulator.prim-108.0.0] startup
[6.743s] [ext: omni.kit.manipulator.selection-109.0.1] startup
[6.744s] [ext: omni.kit.menu.create-2.0.2] startup
[6.746s] [ext: omni.kit.property.audio-1.0.16] startup
[6.749s] [ext: omni.kit.property.camera-1.0.14] startup
[6.750s] [ext: omni.kit.property.geometry-2.1.2] startup
[6.753s] [ext: omni.kit.property.light-1.0.14] startup
2026-06-17T04:30:27Z [6,751ms] [Warning] [omni.usd] Encountered USD Warnings but USD Diagnostics are currently muted. To view USD Warnings, please set the '/persistent/app/usd/muteUsdDiagnostics' setting to false in Preferences page.
[6.796s] [ext: omni.kit.property.material-1.14.2] startup
[6.802s] [ext: omni.kit.property.render-1.2.2] startup
[6.803s] [ext: omni.kit.property.transform-1.6.9] startup
[6.806s] [ext: omni.kit.property.bundle-1.5.1] startup
[6.808s] [ext: omni.kit.usdz_export-1.1.0] startup
[6.810s] [ext: omni.kit.tool.asset_importer-5.2.0] startup
[6.815s] [ext: omni.kit.ui.actions-1.0.5] startup
[6.816s] [ext: omni.kit.viewport.menubar.camera-107.0.10] startup
[6.821s] [ext: omni.kit.viewport.menubar.lighting-107.3.2] startup
[6.823s] [ext: omni.kit.viewport.menubar.render-107.0.10] startup
[6.825s] [ext: omni.kit.viewport.menubar.settings-110.0.1] startup
[6.828s] [ext: omni.kit.window.console-1.1.8] startup
[6.832s] [ext: omni.kit.window.status_bar-0.1.11] startup
[6.835s] [ext: omni.kit.window.toolbar-3.0.3] startup
[6.837s] [ext: omni.ocio-0.1.1] startup
[6.839s] [ext: omni.physx.commands-110.1.11] startup
[6.841s] [ext: omni.replicator.replicator_yaml-2.0.12] startup
[6.851s] [ext: omni.rtx.window.settings-0.8.0] startup
[6.855s] [ext: omni.rtx.settings.core-0.7.0] startup
[6.857s] [ext: omni.usd.metrics.assembler.ui-110.1.1] startup
[6.864s] [ext: semantics.schema.editor-2.0.2] startup
[6.867s] [ext: semantics.schema.property-2.0.1] startup
[6.868s] [ext: omni.kit.menu.common-2.0.2] startup
[6.870s] [ext: isaacsim.exp.base-6.0.0] startup
[6.870s] [ext: isaacsim.exp.base.python-6.0.0] startup
[6.872s] Simulation App Starting
[7.986s] Simulation App Startup Complete
[7.995s] app ready
Starting kit application with the following args:  ['$HOME/.venvs/bigsmall-isaacsim-6.0.0.1/lib/python3.12/site-packages/isaacsim/exts/isaacsim.simulation_app/isaacsim/simulation_app/simulation_app.py', '$HOME/.venvs/bigsmall-isaacsim-6.0.0.1/lib/python3.12/site-packages/isaacsim/apps/isaacsim.exp.base.python.kit', '--/app/tokens/exe-path=$HOME/.venvs/bigsmall-isaacsim-6.0.0.1/lib/python3.12/site-packages/isaacsim/kit', '--/persistent/app/viewport/displayOptions=3094', '--/rtx/materialDb/syncLoads=True', '--/rtx/hydra/materialSyncLoads=True', '--/omni.kit.plugin/syncUsdLoads=True', '--/app/renderer/resolution/width=1280', '--/app/renderer/resolution/height=720', '--/app/window/width=1440', '--/app/window/height=900', '--/renderer/multiGpu/enabled=True', '--/app/fastShutdown=True', '--/app/installSignalHandlers=0', '--ext-folder', '$HOME/.venvs/bigsmall-isaacsim-6.0.0.1/lib/python3.12/site-packages/isaacsim/exts', '--ext-folder', '$HOME/.venvs/bigsmall-isaacsim-6.0.0.1/lib/python3.12/site-packages/isaacsim/apps', '--/physics/cudaDevice=0', '--/plugins/carb.tasking.plugin/threadCount=16', '--/plugins/omni.tbb.globalcontrol/maxThreadCount=16', '--portable', '--no-window', '--/app/window/hideUi=1']
Passing the following args to the base kit application:  ['--headless', '--smoke', '--output', 'artifacts/phase9_2/isaac']
Warp 1.13.0 initialized:
   CUDA Toolkit 12.9, Driver 13.2
   Devices:
     "cpu"      : "CPU"
     "cuda:0"   : "NVIDIA GeForce RTX 4070 Ti SUPER" (16 GiB, sm_89, mempool enabled)
   Kernel cache:
     $HOME/.cache/warp/1.13.0
{"artifact_provenance_complete": true, "emergency_stop_result": {"post_command_accepted": false, "success": true}, "executable": "$HOME/.venvs/bigsmall-isaacsim-6.0.0.1/bin/python", "forbidden_log_scan": {"passed": true, "violations": []}, "graceful_shutdown_result": {"reason": "runtime will close after smoke", "success": true}, "image_digest": "", "isaac_sim_version": "6.0.0", "launch_command": ["scripts/phase9/isaac_standalone_app.py", "--headless", "--smoke", "--output", "artifacts/phase9_2/isaac"], "physics_steps": 32, "process_id": 3519884, "process_provenance": {"backend_name": "isaac", "pid": 3519884, "protocol_version": "bigsmall-isaac-jsonl-v1", "runtime": "isaac_standalone"}, "reset_result": {"joint_positions": [0.0, -0.35, 0.0, -2.15, 0.0, 1.85, 0.75], "success": true}, "robot_state": {"efforts": [0.0, 0.0, 0.0, 0.0, 0.0, 0.0, 0.0], "names": ["panda_joint1", "panda_joint2", "panda_joint3", "panda_joint4", "panda_joint5", "panda_joint6", "panda_joint7"], "positions": [0.07978254556655884, -0.4074084758758545, 0.053601473569869995, -2.000181198120117, 0.01950562372803688, 1.9500081539154053, 0.8202428221702576], "velocities": [1.8951017409563065e-05, -0.0715070366859436, -0.015641765668988228, 0.001530923880636692, 0.0019775284454226494, 8.890404569683596e-05, 0.0008969064801931381]}, "robot_state_sample": true, "run_id": "phase9-2-isaac-smoke-10fdf610d005", "runtime_mode": "standalone", "sensor_samples": {"contact": {"available": true, "count": 0, "path": "contact_sample.json"}, "depth": {"available": true, "height": 240, "path": "depth_sample.npy", "width": 320}, "rgb": {"available": true, "height": 240, "path": "rgb_sample.png", "width": 320}}, "simulation_time": 0.533333333, "stage_loaded": true, "stage_path": "/tmp/phase9_2_mjcf_zd4ln6zz/scene/scene.usda", "status": "ISAAC_SMOKE_VALIDATED", "tcp_pose": {"x": -2.2511317183671053e-06, "y": -3.200013338755525e-07, "z": 0.2199995517730713}, "validation_claimed": true, "wall_clock_time": "2026-06-17T04:30:31.930543+00:00", "wall_clock_time_s": 0.990762}
2026-06-17T04:30:30Z [10,056ms] [Warning] [isaacsim.sensors.camera.camera] 'verticalAperture' (1.5290800094604493) and 'horizontalAperture' (2.0954999923706055) are inconsistent with the pixel resolution aspect ratio (1.3333333333333333). Setting 'verticalAperture' to 1.571624994277954 to ensure square pixels.
2026-06-17T04:30:30Z [10,169ms] [Warning] [omni.rtx] DLSS increasing input dimensions: Render resolution of (160, 120) is below minimal input resolution of 300.
2026-06-17T04:30:30Z [10,251ms] [Warning] [omni.syntheticdata.plugin] OgnSdPostRenderVarToHost : rendervar copy from texture directly to host buffer is counter-performant. Please use copy from texture to device buffer first.
2026-06-17T04:30:31Z [11,000ms] [Warning] [isaacsim.sensors.camera.camera] Annotator 'distance_to_image_plane' not attached to /Render/OmniverseKit/HydraTextures/Replicator
[11.509s] Simulation App Shutting Down
