$ $HOME/.venvs/bigsmall-isaacsim-6.0.0.1/bin/python scripts/phase9/isaac_standalone_app.py --check-imports
exit_code=0
--- stdout ---
2026-06-17T04:37:20Z [Info] [carb] Logging to file: $HOME/.venvs/bigsmall-isaacsim-6.0.0.1/lib/python3.12/site-packages/isaacsim/kit/logs/Kit/Isaac-Sim Python/6.0/kit_20260617_123720.log
[0.063s] [ext: omni.assets.plugins-0.0.0] startup
[0.064s] [ext: omni.blobkey-1.1.2] startup
[0.064s] [ext: omni.kit.async_engine-0.0.3] startup
[0.175s] [ext: omni.client.lib-1.1.1] startup
[0.186s] [ext: omni.client-1.3.0] startup
[0.189s] [ext: omni.protobuf.lib-1.0.0] startup
[0.190s] [ext: omni.grpc.lib-1.0.0] startup
[0.194s] [ext: omni.metrics.core-0.0.3] startup
[0.195s] [ext: omni.datastore-0.0.0] startup
[0.195s] [ext: omni.gpu_foundation.shadercache.vulkan-1.0.0] startup
[0.197s] [ext: omni.hsscclient-1.1.4] startup
[0.197s] [ext: omni.stats-1.0.1] startup
[0.198s] [ext: omni.ujitso.default-1.0.0] startup
[0.201s] [ext: omni.gpu_foundation-0.0.0] startup
[0.454s] [ext: carb.windowing.plugins-1.0.1] startup
[0.454s] [ext: omni.kit.renderer.init-1.0.1] startup
2026-06-17T04:37:20Z [460ms] [Warning] [omni.platforminfo.plugin] failed to open the default display.  Can't verify X Server version.

|---------------------------------------------------------------------------------------------|
| Driver Version: 595.71.05     | Graphics API: Vulkan
|=============================================================================================|
| GPU | Name                             | Active | LDA | GPU Memory | Vendor-ID | LUID       |
|     |                                  |        |     |            | Device-ID | UUID       |
|     |                                  |        |     |            | Bus-ID    |            |
|---------------------------------------------------------------------------------------------|
| 0   | NVIDIA GeForce RTX 4070 Ti SUPER | Yes: 0 |     | 16622   MB | 10de      | 0          |
|     |                                  |        |     |            | 2705      | 4d899cac.. |
|     |                                  |        |     |            | 8         |            |
|=============================================================================================|
| OS: 26.04 LTS (Resolute Raccoon) ubuntu, Version: 26.04.1635021678, Kernel: 7.0.0-22-generic
| Processor: AMD Ryzen 7 5800X 8-Core Processor
| Cores: 8 | Logical Cores: 16
|---------------------------------------------------------------------------------------------|
| Total Memory (MB): 62159 | Free Memory: 44541
| Total Page/Swap (MB): 8191 | Free Page/Swap: 8039
|---------------------------------------------------------------------------------------------|
2026-06-17T04:37:21Z [973ms] [Warning] [omni.rtx] IOMMU is enabled.
[1.136s] [ext: omni.kit.pipapi-0.0.0] startup
[1.137s] [ext: omni.kit.telemetry-0.5.2] startup
[1.176s] [ext: omni.kit.loop-isaac-1.6.0] startup
[1.178s] [ext: omni.kit.test-2.0.7] startup
[1.227s] [ext: omni.materialx.libs-1.0.9] startup
[1.233s] [ext: omni.gpucompute.plugins-0.0.0] startup
[1.234s] [ext: omni.usd.config-1.0.7] startup
[1.237s] [ext: omni.usd.libs-1.0.3] startup
[1.315s] [ext: omni.iray.libs-0.0.1] startup
[1.319s] [ext: omni.mdl-57.0.3] startup
[1.385s] [ext: omni.mdl.neuraylib-0.2.20] startup
[1.387s] [ext: omni.kit.usd.mdl-1.1.9] startup
[1.482s] [ext: omni.appwindow-1.2.2] startup
[1.484s] [ext: omni.kit.renderer.core-1.2.2] startup
2026-06-17T04:37:21Z [1,465ms] [Warning] [carb.windowing-glfw.plugin] GLFW initialization failed.
2026-06-17T04:37:21Z [1,465ms] [Warning] [carb] Failed to startup plugin carb.windowing-glfw.plugin (interfaces: [carb::windowing::IGLContext v1.0],[carb::windowing::IWindowing v1.5]) (impl: carb.windowing-glfw.plugin)
[1.513s] [ext: omni.kit.renderer.capture-2.0.1] startup
[1.515s] [ext: omni.kit.renderer.imgui-2.0.6] startup
2026-06-17T04:37:21Z [1,489ms] [Warning] [carb.windowing-glfw.plugin] GLFW initialization failed.
2026-06-17T04:37:21Z [1,489ms] [Warning] [carb] Failed to startup plugin carb.windowing-glfw.plugin (interfaces: [carb::windowing::IGLContext v1.0],[carb::windowing::IWindowing v1.5]) (impl: carb.windowing-glfw.plugin)
2026-06-17T04:37:21Z [1,490ms] [Warning] [carb.windowing-glfw.plugin] GLFW initialization failed.
2026-06-17T04:37:21Z [1,490ms] [Warning] [carb] Failed to startup plugin carb.windowing-glfw.plugin (interfaces: [carb::windowing::IGLContext v1.0],[carb::windowing::IWindowing v1.5]) (impl: carb.windowing-glfw.plugin)
[1.573s] [ext: omni.ui-3.1.3] startup
[1.582s] [ext: omni.kit.mainwindow-1.0.3] startup
[1.583s] [ext: carb.audio-0.1.0] startup
[1.591s] [ext: omni.uiaudio-1.0.0] startup
[1.592s] [ext: omni.kit.uiapp-0.0.0] startup
[1.592s] [ext: omni.usd.schema.metrics.assembler-110.1.0] startup
[1.594s] [ext: omni.usd.schema.audio-0.0.1] startup
[1.597s] [ext: omni.usd_resolver-1.0.0] startup
[1.600s] [ext: omni.usd.core-1.8.3] startup
[1.604s] [ext: omni.metropolis.schema-0.0.3] startup
[1.604s] [ext: isaacsim.anim.robot.schema-0.1.1] startup
[1.605s] [ext: omni.usd.schema.anim-0.0.1] startup
[1.621s] [ext: omni.usd.schema.geospatial-0.0.1] startup
[1.623s] [ext: omni.usd.schema.omnigraph-1.0.1] startup
[1.628s] [ext: omni.usd.schema.semantics-0.0.0] startup
[1.630s] [ext: omni.activity.core-1.0.3] startup
[1.631s] [ext: omni.cubric-0.1.0] startup
[1.631s] [ext: omni.graph.exec-0.9.6] startup
[1.632s] [ext: omni.hydra.scene_delegate-0.3.5] startup
[1.635s] [ext: usdrt.scenegraph-7.6.3] startup
[1.657s] [ext: omni.hydra.usdrt_delegate-7.5.2] startup
[1.662s] [ext: omni.inspect-1.0.2] startup
[1.663s] [ext: omni.kit.actions.core-1.0.0] startup
[1.665s] [ext: omni.kit.audiodeviceenum-1.0.2] startup
[1.666s] [ext: omni.kit.commands-1.5.0] startup
[1.669s] [ext: omni.kit.exec.core-0.13.5] startup
[1.670s] [ext: omni.kit.usd_undo-0.1.8] startup
[1.670s] [ext: omni.kit.window.popup_dialog-2.0.25] startup
[1.673s] [ext: omni.kit.widget.nucleus_connector-2.3.1] startup
[1.676s] [ext: omni.timeline-1.1.0] startup
[1.678s] [ext: omni.usd-1.15.2] startup
[1.709s] [ext: omni.graph.core-3.1.2] startup
[1.712s] [ext: omni.kit.notification_manager-1.0.11] startup
[1.713s] [ext: isaacsim.core.deprecation_manager-0.4.2] startup
[1.714s] [ext: isaacsim.replicator.agent.schema-0.1.1] startup
[1.715s] [ext: isaacsim.robot.schema-6.3.6] startup
[1.719s] [ext: isaacsim.robot_motion.schema-0.2.0] startup
[1.720s] [ext: omni.anim.behavior.schema-110.1.0] startup
[1.724s] [ext: omni.anim.graph.schema-110.1.1] startup
[1.728s] [ext: omni.anim.navigation.schema-110.1.0] startup
[1.731s] [ext: omni.behavior.tree.schema-110.1.0] startup
[1.732s] [ext: omni.kit.asset_converter-5.1.4] startup
[1.744s] [ext: omni.usd.schema.flow-110.0.0] startup
[1.744s] [ext: omni.usd.schema.mujoco-1.1.0] startup
[1.745s] [ext: omni.usd.schema.newton-1.2.0] startup
[1.746s] [ext: omni.usd.schema.omni_lens_distortion-1.0.0] startup
[1.746s] [ext: omni.usd.schema.omni_projectors-1.0.0] startup
[1.747s] [ext: omni.usd.schema.omni_sensors-0.0.0] startup
[1.753s] [ext: omni.usd.schema.omniscripting-1.0.1] startup
[1.758s] [ext: omni.usd.schema.physical_lighting-0.1.0] startup
[1.761s] [ext: omni.usd.schema.physx-110.1.11] startup
[1.787s] [ext: omni.usd.schema.render_settings.rtx-1.0.2] startup
[1.790s] [ext: omni.usd.schema.usd_particle_field-1.0.0] startup
[1.791s] [ext: isaacsim.core.version-2.1.0] startup
[1.791s] [ext: omni.kit.menu.core-1.2.0] startup
[1.792s] [ext: omni.kit.menu.utils-2.2.3] startup
[1.798s] [ext: isaacsim.app.about-2.3.0] startup
[1.802s] [ext: isaacsim.asset.transformer-1.2.3] startup
[1.805s] [ext: omni.scene.optimizer.core-110.1.0] startup
[1.854s] [ext: isaacsim.asset.importer.utils-1.8.0] startup
[1.856s] [ext: omni.convexdecomposition-110.1.11] startup
[1.858s] [ext: omni.physics-110.1.11] startup
[1.861s] [ext: omni.physx.gpu-110.1.11] startup
[1.861s] [ext: omni.physx.foundation-110.1.11] startup
[1.862s] [ext: omni.usdphysics-110.1.11] startup
[1.864s] [ext: omni.physx.cooking-110.1.11] startup
[1.866s] [ext: omni.physx-110.1.11] startup
[1.874s] [ext: omni.physics.physx-110.1.11] startup
[1.876s] [ext: isaacsim.asset.exporter.urdf-2.0.3] startup
[1.883s] [ext: omni.kit.clipboard-1.1.1] startup
[1.884s] [ext: omni.kit.usd.layers-2.6.1] startup
[1.891s] [ext: omni.kit.widget.context_menu-1.4.0] startup
[1.892s] [ext: omni.kit.context_menu-1.9.0] startup
[1.893s] [ext: omni.kit.helper.file_utils-0.1.10] startup
[1.895s] [ext: omni.kit.widget.nucleus_info-2.0.2] startup
[1.895s] [ext: omni.kit.search_core-1.0.8] startup
[1.896s] [ext: omni.kit.widget.path_field-2.0.13] startup
[1.897s] [ext: omni.kit.widget.browser_bar-2.0.10] startup
[1.897s] [ext: omni.kit.widget.filebrowser-2.13.4] startup
[1.901s] [ext: omni.kit.widget.options_menu-1.1.6] startup
[1.904s] [ext: omni.kit.widget.options_button-1.0.3] startup
[1.904s] [ext: omni.kit.widget.search_delegate-1.0.9] startup
[1.905s] [ext: omni.ui.scene-2.0.1] startup
[1.909s] [ext: omni.kit.window.filepicker-2.15.5] startup
[1.921s] [ext: omni.kit.window.file_importer-1.1.21] startup
[1.922s] [ext: omni.kit.material.library-3.1.2] startup
[1.926s] [ext: isaacsim.asset.transformer.rules-1.7.8] startup
[1.935s] [ext: omni.usdex.libs-2.2.2] startup
[1.943s] [ext: isaacsim.asset.importer.mjcf-3.10.0] startup
[1.944s] [ext: isaacsim.asset.importer.urdf-3.11.0] startup
[1.948s] [ext: omni.kit.primitive.mesh-1.1.0] startup
[1.950s] [ext: omni.kit.stage_template.core-1.1.22] startup
[1.951s] [ext: omni.kit.stage_templates-2.0.2] startup
[1.952s] [ext: omni.usd.metrics.assembler-110.1.2] startup
[1.955s] [ext: omni.warp.core-1.13.0] startup
[2.148s] [ext: isaacsim.core.experimental.utils-0.17.1] startup
[2.149s] [ext: omni.physics.stageupdate-110.1.11] startup
[2.151s] [ext: omni.physics.tensors-110.1.11] startup
[2.154s] [ext: omni.physx.tensors-110.1.11] startup
[2.158s] [ext: isaacsim.core.simulation_manager-1.15.4] startup
2026-06-17T04:37:22Z [2,139ms] [Warning] [isaacsim.core.simulation_manager.plugin] USD stage is not available; stage-opened subscription is deferred
2026-06-17T04:37:22Z [2,139ms] [Warning] [isaacsim.core.simulation_manager.plugin] USD stage is not available; stage-opened subscription is deferred
[2.171s] [ext: isaacsim.storage.native-1.9.2] startup
[2.172s] [ext: omni.usd.metrics.assembler.physics-110.1.11] startup
[2.173s] [ext: isaacsim.core.utils-4.1.6] startup
[2.176s] [ext: isaacsim.core.prims-0.11.6] startup
[3.288s] [ext: isaacsim.core.api-5.2.12] startup
[3.296s] [ext: isaacsim.core.cloner-1.7.2] startup
[3.297s] [ext: isaacsim.test.docstring-1.3.1] startup
[3.301s] [ext: isaacsim.core.experimental.prims-1.8.8] startup
[3.322s] [ext: isaacsim.core.experimental.primdata-0.3.2] startup
[3.324s] [ext: omni.graph.tools-1.81.0] startup
[3.345s] [ext: omni.graph-1.142.5] startup
[3.378s] [ext: isaacsim.core.experimental.actuators-0.1.0] startup
[5.360s] [ext: isaacsim.core.experimental.materials-0.7.0] startup
[5.363s] [ext: isaacsim.core.experimental.objects-0.8.0] startup
[5.418s] [ext: omni.hydra.engine.stats-1.0.5] startup
[5.420s] [ext: omni.hydra.rtx.shadercache.vulkan-1.0.0] startup
[5.421s] [ext: omni.index.libs-387500.3473.0] startup
[5.421s] [ext: omni.index-1.0.1] startup
[5.422s] [ext: omni.ujitso.client-0.0.0] startup
[5.422s] [ext: omni.usd.schema.playback-1.0.0] startup
[5.426s] [ext: omni.volume-0.5.2] startup
[5.430s] [ext: omni.hydra.rtx-1.0.3] startup
2026-06-17T04:37:25Z [5,414ms] [Warning] [omni.log] Source: omni.hydra was already registered.
[5.467s] [ext: omni.kit.hydra_texture-1.6.0] startup
[5.471s] [ext: omni.kit.raycast.query-1.2.0] startup
[5.476s] [ext: omni.kit.viewport.legacy_gizmos-1.0.24] startup
[5.479s] [ext: omni.kit.viewport.registry-104.0.6] startup
[5.479s] [ext: omni.kit.viewport.scene_camera_model-1.0.7] startup
[5.484s] [ext: omni.kit.widget.viewport-109.2.0] startup
[5.487s] [ext: omni.kit.window.drop_support-1.0.8] startup
[5.488s] [ext: omni.kit.viewport.window-109.0.2] startup
[5.504s] [ext: omni.kit.viewport.utility-2.0.1] startup
[5.505s] [ext: isaacsim.core.rendering_manager-0.4.2] startup
[5.522s] [ext: omni.graph.action_core-1.1.9] startup
[5.525s] [ext: omni.graph.action_nodes_core-2.10.2] startup
[5.528s] [ext: omni.graph.action_nodes-2.10.3] startup
[5.547s] [ext: omni.graph.action-2.10.2] startup
[5.549s] [ext: omni.graph.image.core-0.6.1] startup
[5.550s] [ext: omni.graph.image.nodes-1.3.1] startup
[5.551s] [ext: omni.graph.nodes_core-2.10.3] startup
[5.556s] [ext: omni.graph.nodes-2.11.1] startup
[5.562s] [ext: omni.kit.hotkeys.core-1.3.12] startup
[5.563s] [ext: omni.kit.property.adapter.core-1.1.1] startup
[5.581s] [ext: omni.kit.property.adapter.usd-1.0.5] startup
[5.582s] [ext: omni.kit.widget.filter-1.1.5] startup
[5.583s] [ext: omni.kit.widget.highlight_label-1.0.3] startup
[5.584s] [ext: omni.kit.widget.searchfield-1.1.8] startup
[5.585s] [ext: omni.kit.window.file_exporter-1.0.36] startup
[5.586s] [ext: omni.kit.widget.stage-4.3.0] startup
[5.595s] [ext: omni.kit.window.content_browser_registry-0.0.6] startup
[5.596s] [ext: omni.kit.window.file-2.0.10] startup
[5.599s] [ext: omni.kit.window.content_browser-3.1.8] startup
[5.608s] [ext: omni.kit.window.property-1.15.1] startup
[5.620s] [ext: omni.kit.property.usd-4.8.1] startup
[5.629s] [ext: omni.graph.scriptnode-2.10.2] startup
[5.637s] [ext: omni.kit.widget.searchable_combobox-1.0.7] startup
[5.638s] [ext: omni.kit.widget.settings-2.0.0] startup
[5.640s] [ext: omni.kit.window.preferences-1.8.3] startup
[5.644s] [ext: omni.kit.viewport.menubar.core-107.2.2] startup
[5.656s] [ext: omni.syntheticdata-0.6.15] startup
[5.681s] [ext: omni.replicator.nv-1.1.1] startup
[5.686s] [ext: omni.videoencoding-0.2.1] startup
[5.688s] [ext: omni.replicator.core-1.13.25] startup
2026-06-17T04:37:25Z [5,666ms] [Warning] [pxr.Semantics] pxr.Semantics is deprecated - please use Semantics instead
2026-06-17T04:37:25Z [5,739ms] [Warning] [omni.replicator.core.scripts.extension] No material configuration file, adding configuration to material settings directly.
[5.909s] [ext: isaacsim.core.nodes-5.10.4] startup
[5.941s] [ext: isaacsim.core.throttling-2.3.3] startup
[5.942s] [ext: omni.kit.manipulator.viewport-107.0.1] startup
[5.943s] [ext: omni.graph.visualization.nodes-2.1.4] startup
[5.956s] [ext: omni.kit.window.extensions-1.5.7] startup
[5.961s] [ext: isaacsim.gui.components-1.8.4] startup
[5.966s] [ext: isaacsim.robot.surface_gripper-3.6.1] startup
[5.977s] [ext: isaacsim.robot.manipulators-3.4.4] startup
[5.987s] [ext: isaacsim.robot_motion.lula-4.1.2] startup
[5.994s] [ext: isaacsim.robot_motion.motion_generation-8.2.8] startup
[6.000s] [ext: isaacsim.cortex.framework-1.0.17] startup
[6.002s] [ext: isaacsim.cortex.behaviors-2.0.16] startup
[6.003s] [ext: isaacsim.examples.base-1.3.1] startup
[6.005s] [ext: omni.kit.widget.zoombar-1.0.7] startup
[6.006s] [ext: omni.kit.browser.core-2.3.18] startup
[6.010s] [ext: omni.kit.browser.folder.core-2.0.2] startup
[6.014s] [ext: omni.kit.widget.stage_icons-1.0.8] startup
[6.015s] [ext: omni.kit.window.stage-2.6.1] startup
[6.019s] [ext: omni.kit.menu.stage-1.2.7] startup
[6.020s] [ext: omni.kit.usd.collect-3.0.5] startup
[6.023s] [ext: omni.kit.widget.prompt-1.0.7] startup
[6.024s] [ext: omni.kit.tool.collect-2.2.19] startup
[6.026s] [ext: isaacsim.examples.browser-0.3.1] startup
[6.028s] [ext: omni.kit.search.files-1.0.4] startup
[6.029s] [ext: omni.kit.widget.calendar-1.0.9] startup
[6.030s] [ext: omni.kit.widget.extended_searchfield-1.0.31] startup
[6.038s] [ext: omni.simready.content.browser-0.3.7] startup
[6.122s] [ext: isaacsim.gui.content_browser-0.4.2] startup
[6.124s] [ext: omni.kit.selection-0.1.6] startup
[6.126s] [ext: isaacsim.gui.menu-2.10.5] startup
[6.134s] [ext: isaacsim.gui.property-1.6.2] startup
[6.140s] [ext: omni.kit.viewport.actions-107.0.2] startup
[6.144s] [ext: omni.kit.viewport.menubar.display-107.1.3] startup
[6.145s] [ext: isaacsim.gui.sensors.icon-2.2.0] startup
[6.148s] [ext: omni.behavior.scripting.core-110.1.0] startup
[6.151s] [ext: isaacsim.replicator.behavior-1.5.3] startup
[6.151s] [ext: isaacsim.replicator.experimental.domain_randomization-1.2.4] startup
[6.166s] [ext: isaacsim.replicator.domain_randomization-1.2.1] startup
[6.235s] [ext: isaacsim.replicator.writers-1.5.3] startup
[6.258s] [ext: isaacsim.robot.experimental.wheeled_robots-0.2.9] startup
[6.278s] [ext: isaacsim.robot.policy.examples-5.2.11] startup
[6.289s] [ext: isaacsim.robot.wheeled_robots-5.2.3] startup
[6.293s] [ext: isaacsim.robot.wheeled_robots.nodes-0.1.2] startup
[6.312s] [ext: isaacsim.robot_motion.experimental.motion_generation-6.1.2] startup
[6.323s] [ext: isaacsim.robot_motion.cumotion-1.3.0] startup
[6.335s] [ext: omni.kit.numpy.common-0.1.3] startup
[6.336s] [ext: isaacsim.sensors.camera-1.7.8] startup
[6.364s] [ext: isaacsim.sensors.experimental.physics-3.0.1] startup
[6.372s] [ext: omni.sensors.net-1.0.1] startup
[6.375s] [ext: omni.sensors.nv.common-3.0.0] startup
[6.387s] [ext: omni.sensors.nv.materials-2.0.0] startup
[6.391s] [ext: omni.sensors.nv.acoustic-3.0.0] startup
[6.394s] [ext: omni.sensors.nv.ids-2.0.1] startup
[6.397s] [ext: omni.sensors.nv.lidar-3.0.0] startup
[6.401s] [ext: omni.sensors.nv.radar-3.0.0] startup
[6.404s] [ext: isaacsim.sensors.experimental.rtx-1.4.3] startup
[6.658s] [ext: isaacsim.sensors.physics.nodes-1.5.2] startup
[6.665s] [ext: isaacsim.util.debug_draw-3.2.2] startup
[6.671s] [ext: isaacsim.sensors.physx-2.5.4] startup
[6.678s] [ext: isaacsim.sensors.rtx-15.17.0] startup
[6.689s] [ext: isaacsim.simulation_app-2.18.3] startup
[6.690s] [ext: omni.anim.curve.core-1.6.0] startup
[6.699s] [ext: omni.graph.ui_nodes-2.10.5] startup
[6.724s] [ext: omni.hydra.scene_api-0.1.3] startup
[6.728s] [ext: omni.kit.manipulator.camera-110.0.0] startup
[6.732s] [ext: omni.kit.manipulator.selector-1.1.4] startup
[6.733s] [ext: omni.kit.manipulator.transform-107.0.0] startup
[6.737s] [ext: omni.kit.widget.toolbar-2.1.0] startup
[6.743s] [ext: omni.kit.manipulator.tool.snap-1.5.14] startup
[6.747s] [ext: omni.kit.viewport.manipulator.transform-107.0.4] startup
[6.749s] [ext: omni.kit.manipulator.prim.core-108.0.2] startup
[6.754s] [ext: omni.kit.manipulator.prim.usd-107.0.3] startup
[6.755s] [ext: omni.kit.manipulator.prim-108.0.0] startup
[6.755s] [ext: omni.kit.manipulator.selection-109.0.1] startup
[6.756s] [ext: omni.kit.menu.create-2.0.2] startup
[6.758s] [ext: omni.kit.property.audio-1.0.16] startup
[6.761s] [ext: omni.kit.property.camera-1.0.14] startup
[6.762s] [ext: omni.kit.property.geometry-2.1.2] startup
[6.765s] [ext: omni.kit.property.light-1.0.14] startup
2026-06-17T04:37:26Z [6,767ms] [Warning] [omni.usd] Encountered USD Warnings but USD Diagnostics are currently muted. To view USD Warnings, please set the '/persistent/app/usd/muteUsdDiagnostics' setting to false in Preferences page.
[6.805s] [ext: omni.kit.property.material-1.14.2] startup
[6.811s] [ext: omni.kit.property.render-1.2.2] startup
[6.813s] [ext: omni.kit.property.transform-1.6.9] startup
[6.816s] [ext: omni.kit.property.bundle-1.5.1] startup
[6.817s] [ext: omni.kit.usdz_export-1.1.0] startup
[6.819s] [ext: omni.kit.tool.asset_importer-5.2.0] startup
[6.824s] [ext: omni.kit.ui.actions-1.0.5] startup
[6.825s] [ext: omni.kit.viewport.menubar.camera-107.0.10] startup
[6.830s] [ext: omni.kit.viewport.menubar.lighting-107.3.2] startup
[6.832s] [ext: omni.kit.viewport.menubar.render-107.0.10] startup
[6.834s] [ext: omni.kit.viewport.menubar.settings-110.0.1] startup
[6.837s] [ext: omni.kit.window.console-1.1.8] startup
[6.841s] [ext: omni.kit.window.status_bar-0.1.11] startup
[6.844s] [ext: omni.kit.window.toolbar-3.0.3] startup
[6.846s] [ext: omni.ocio-0.1.1] startup
[6.847s] [ext: omni.physx.commands-110.1.11] startup
[6.850s] [ext: omni.replicator.replicator_yaml-2.0.12] startup
[6.859s] [ext: omni.rtx.window.settings-0.8.0] startup
[6.863s] [ext: omni.rtx.settings.core-0.7.0] startup
[6.866s] [ext: omni.usd.metrics.assembler.ui-110.1.1] startup
[6.872s] [ext: semantics.schema.editor-2.0.2] startup
[6.874s] [ext: semantics.schema.property-2.0.1] startup
[6.876s] [ext: omni.kit.menu.common-2.0.2] startup
[6.877s] [ext: isaacsim.exp.base-6.0.0] startup
[6.877s] [ext: isaacsim.exp.base.python-6.0.0] startup
[6.879s] Simulation App Starting
[8.052s] Simulation App Startup Complete
[8.061s] app ready
Starting kit application with the following args:  ['$HOME/.venvs/bigsmall-isaacsim-6.0.0.1/lib/python3.12/site-packages/isaacsim/exts/isaacsim.simulation_app/isaacsim/simulation_app/simulation_app.py', '$HOME/.venvs/bigsmall-isaacsim-6.0.0.1/lib/python3.12/site-packages/isaacsim/apps/isaacsim.exp.base.python.kit', '--/app/tokens/exe-path=$HOME/.venvs/bigsmall-isaacsim-6.0.0.1/lib/python3.12/site-packages/isaacsim/kit', '--/persistent/app/viewport/displayOptions=3094', '--/rtx/materialDb/syncLoads=True', '--/rtx/hydra/materialSyncLoads=True', '--/omni.kit.plugin/syncUsdLoads=True', '--/app/renderer/resolution/width=1280', '--/app/renderer/resolution/height=720', '--/app/window/width=1440', '--/app/window/height=900', '--/renderer/multiGpu/enabled=True', '--/app/fastShutdown=True', '--/app/installSignalHandlers=0', '--ext-folder', '$HOME/.venvs/bigsmall-isaacsim-6.0.0.1/lib/python3.12/site-packages/isaacsim/exts', '--ext-folder', '$HOME/.venvs/bigsmall-isaacsim-6.0.0.1/lib/python3.12/site-packages/isaacsim/apps', '--/physics/cudaDevice=0', '--/plugins/carb.tasking.plugin/threadCount=16', '--/plugins/omni.tbb.globalcontrol/maxThreadCount=16', '--portable', '--no-window', '--/app/window/hideUi=1']
Passing the following args to the base kit application:  ['--check-imports']
Warp 1.13.0 initialized:
   CUDA Toolkit 12.9, Driver 13.2
   Devices:
     "cpu"      : "CPU"
     "cuda:0"   : "NVIDIA GeForce RTX 4070 Ti SUPER" (16 GiB, sm_89, mempool enabled)
   Kernel cache:
     $HOME/.cache/warp/1.13.0
{"message": "Isaac Sim Python runtime imports and SimulationApp startup succeeded", "status": "READY", "validation_claimed": false}
[8.881s] Simulation App Shutting Down
--- stderr ---
WARNING: All log messages before absl::InitializeLog() is called are written to STDERR
E0000 00:00:1781671040.279098 3544190 descriptor_database.cc:633] File already exists in database: grpc/health/v1/health.proto
W0000 00:00:1781671040.279119 3544190 message.cc:301] Protobuf GeneratedMessageFactory: File is already registered: grpc/health/v1/health.proto
