$ bash -lc source scripts/phase9/activate_ros2_moveit_env.sh >/dev/null && command -v ros2
exit_code=0
--- stdout ---
$HOME/anaconda3/envs/bigsmall-ros2-jazzy-moveit/bin/ros2
$ bash -lc source scripts/phase9/activate_ros2_moveit_env.sh >/dev/null && ros2 pkg prefix moveit_ros_move_group
exit_code=0
--- stdout ---
$HOME/anaconda3/envs/bigsmall-ros2-jazzy-moveit
$ bash -lc source scripts/phase9/activate_ros2_moveit_env.sh >/dev/null && ros2 pkg prefix moveit_msgs
exit_code=0
--- stdout ---
$HOME/anaconda3/envs/bigsmall-ros2-jazzy-moveit
$ bash -lc source scripts/phase9/activate_ros2_moveit_env.sh >/dev/null && ros2 pkg prefix moveit_configs_utils
exit_code=0
--- stdout ---
$HOME/anaconda3/envs/bigsmall-ros2-jazzy-moveit
$ bash -lc source scripts/phase9/activate_ros2_moveit_env.sh >/dev/null && ros2 pkg prefix moveit_resources_panda_moveit_config
exit_code=0
--- stdout ---
$HOME/anaconda3/envs/bigsmall-ros2-jazzy-moveit
$ bash -lc source scripts/phase9/activate_ros2_moveit_env.sh >/dev/null && python -c 'import moveit_configs_utils; print("importable")'
exit_code=0
--- stdout ---
importable
$ bash -lc source scripts/phase9/activate_ros2_moveit_env.sh >/dev/null && ros2 pkg prefix bigsmall_franka_moveit_config
exit_code=0
--- stdout ---
$HOME/bigsmall_runtime/ros2_ws/install
$ bash -lc source scripts/phase9/activate_ros2_moveit_env.sh >/dev/null && ros2 pkg prefix bigsmall_robot_bridge
exit_code=0
--- stdout ---
$HOME/bigsmall_runtime/ros2_ws/install
$ bash -lc source scripts/phase9/activate_ros2_moveit_env.sh >/dev/null && export ROS_DOMAIN_ID=85 && python scripts/phase9/run_moveit_safety_evidence.py --output artifacts/phase9_1/moveit
exit_code=0
--- stdout ---
{
  "artifact_provenance_complete": true,
  "checks": {
    "bigsmall_boundary_enforced": {
      "command": [
        "python",
        "scripts/phase9/run_moveit_safety_evidence.py",
        "--check",
        "bigsmall_boundary_enforced"
      ],
      "end_wall_time": "2026-06-17T01:36:44.997282Z",
      "exit_code": 0,
      "log_path": "artifacts/phase9_1/moveit/logs/bigsmall_boundary_enforced.json",
      "observed_result": {
        "action_status_code": 4,
        "delegated_action": "/bigsmall/follow_joint_trajectory",
        "direct_moveit_execution": false,
        "feedback_count": 12,
        "status": "SUCCEEDED"
      },
      "passed": true,
      "ros_time": {
        "nanosec": 997294431,
        "sec": 1781660204
      },
      "start_wall_time": "2026-06-17T01:36:44.773028Z"
    },
    "collision_object_insertion": {
      "command": [
        "python",
        "scripts/phase9/run_moveit_safety_evidence.py",
        "--check",
        "collision_object_insertion"
      ],
      "end_wall_time": "2026-06-17T01:36:44.596115Z",
      "exit_code": 0,
      "log_path": "artifacts/phase9_1/moveit/logs/collision_object_insertion.json",
      "observed_result": {
        "collision_object": {
          "dimensions": [
            0.25,
            0.25,
            0.25
          ],
          "frame_id": "panda_link0",
          "id": "phase9_1_collision_box",
          "pose": {
            "x": 0.35,
            "y": 0.0,
            "z": 0.45
          }
        },
        "object_id": "phase9_1_collision_box",
        "planning_scene_confirmed": true,
        "planning_scene_object": {
          "dimensions": [
            0.25,
            0.25,
            0.25
          ],
          "frame_id": "world",
          "header_frame_id": "world",
          "id": "phase9_1_collision_box",
          "object_pose": {
            "x": 0.35,
            "y": 0.0,
            "z": 0.45
          },
          "pose": {
            "x": 0.35,
            "y": 0.0,
            "z": 0.45
          },
          "primitive_pose": {
            "x": 0.0,
            "y": 0.0,
            "z": 0.0
          }
        },
        "success": true
      },
      "passed": true,
      "ros_time": {
        "nanosec": 596122070,
        "sec": 1781660204
      },
      "start_wall_time": "2026-06-17T01:36:44.592625Z"
    },
    "collision_path_rejection_or_valid_replanning": {
      "command": [
        "python",
        "scripts/phase9/run_moveit_safety_evidence.py",
        "--check",
        "collision_path_rejection_or_valid_replanning"
      ],
      "end_wall_time": "2026-06-17T01:36:44.616032Z",
      "exit_code": 0,
      "log_path": "artifacts/phase9_1/moveit/logs/collision_path_rejection_or_valid_replanning.json",
      "observed_result": {
        "baseline_plan": {
          "joint_space_path_length": 0.5654960131884178,
          "moveit_error_code": 1,
          "sampled_points": [
            [
              0.0,
              -0.785,
              0.0,
              -2.356,
              0.0,
              1.571,
              0.785
            ],
            [
              -0.006354647413894276,
              -0.775625,
              0.006571161404871439,
              -2.3474354520336136,
              0.0033230122853598644,
              1.5786395311561006,
              0.7789327639020498
            ],
            [
              -0.025418589655577088,
              -0.7475,
              0.02628464561948574,
              -2.3217418081344547,
              0.013292049141439449,
              1.601558124624403,
              0.7607310556081993
            ]
          ],
          "trajectory_points": 9
        },
        "collision_free": false,
        "collision_object": {
          "dimensions": [
            0.25,
            0.25,
            0.25
          ],
          "frame_id": "panda_link0",
          "id": "phase9_1_collision_box",
          "pose": {
            "x": 0.35,
            "y": 0.0,
            "z": 0.45
          }
        },
        "moveit_error_code": 99999,
        "planning_scene_confirmed": true,
        "planning_scene_object": {
          "dimensions": [
            0.25,
            0.25,
            0.25
          ],
          "frame_id": "world",
          "header_frame_id": "world",
          "id": "phase9_1_collision_box",
          "object_pose": {
            "x": 0.35,
            "y": 0.0,
            "z": 0.45
          },
          "pose": {
            "x": 0.35,
            "y": 0.0,
            "z": 0.45
          },
          "primitive_pose": {
            "x": 0.0,
            "y": 0.0,
            "z": 0.0
          }
        },
        "process_provenance": {
          "collision_free_basis": "moveit_planning_pipeline_solution_validation",
          "planning_scene_service": "/get_planning_scene",
          "runtime": "robostack-moveit2",
          "service": "/plan_kinematic_path"
        },
        "replanned_or_rejected": "rejected",
        "replanned_plan": {
          "joint_space_path_length": 0.0,
          "moveit_error_code": 99999,
          "sampled_points": [],
          "trajectory_points": 0
        },
        "trajectory_delta": {
          "changed": true,
          "joint_space_path_length_delta": -0.5654960131884178,
          "max_joint_delta": 0.0,
          "point_count_delta": -9
        }
      },
      "passed": true,
      "ros_time": {
        "nanosec": 616040936,
        "sec": 1781660204
      },
      "start_wall_time": "2026-06-17T01:36:44.596324Z"
    },
    "emergency_stop_boundary": {
      "command": [
        "python",
        "scripts/phase9/run_moveit_safety_evidence.py",
        "--check",
        "emergency_stop_boundary"
      ],
      "end_wall_time": "2026-06-17T01:36:44.769222Z",
      "exit_code": 0,
      "log_path": "artifacts/phase9_1/moveit/logs/emergency_stop_boundary.json",
      "observed_result": {
        "emergency_stop_status": "EMERGENCY_STOPPED",
        "new_goal_accepted": false
      },
      "passed": true,
      "ros_time": {
        "nanosec": 769228628,
        "sec": 1781660204
      },
      "start_wall_time": "2026-06-17T01:36:44.765589Z"
    },
    "execution_cancellation": {
      "command": [
        "python",
        "scripts/phase9/run_moveit_safety_evidence.py",
        "--check",
        "execution_cancellation"
      ],
      "end_wall_time": "2026-06-17T01:36:44.739601Z",
      "exit_code": 0,
      "log_path": "artifacts/phase9_1/moveit/logs/execution_cancellation.json",
      "observed_result": {
        "action_status_code": 5,
        "feedback_count": 6,
        "status": "CANCELED"
      },
      "passed": true,
      "ros_time": {
        "nanosec": 739612828,
        "sec": 1781660204
      },
      "start_wall_time": "2026-06-17T01:36:44.616321Z"
    },
    "joint_limit_violation_rejection": {
      "command": [
        "python",
        "scripts/phase9/run_moveit_safety_evidence.py",
        "--check",
        "joint_limit_violation_rejection"
      ],
      "end_wall_time": "2026-06-17T01:36:44.592428Z",
      "exit_code": 0,
      "log_path": "artifacts/phase9_1/moveit/logs/joint_limit_violation_rejection.json",
      "observed_result": {
        "action_status_code": 6,
        "feedback_count": 0,
        "requested_position": 1.0,
        "status": "JOINT_LIMIT_REJECTED",
        "violating_joint": "panda_joint4"
      },
      "passed": true,
      "ros_time": {
        "nanosec": 592437821,
        "sec": 1781660204
      },
      "start_wall_time": "2026-06-17T01:36:44.588918Z"
    },
    "planning_timeout": {
      "command": [
        "python",
        "scripts/phase9/run_moveit_safety_evidence.py",
        "--check",
        "planning_timeout"
      ],
      "end_wall_time": "2026-06-17T01:36:44.765359Z",
      "exit_code": 0,
      "log_path": "artifacts/phase9_1/moveit/logs/planning_timeout.json",
      "observed_result": {
        "alternative_timeout_criterion": "same-target-short-budget",
        "configured_timeout_ms": 1.0,
        "moveit_error_code": 99999,
        "normal_budget_error_code": 1,
        "normal_budget_success": true,
        "normal_budget_trajectory_points": 8,
        "planning_elapsed_ms": 11.626703024376184,
        "planning_end_wall_time": "2026-06-17T01:36:44.765340Z",
        "planning_start_wall_time": "2026-06-17T01:36:44.753710Z",
        "target_reused_from_normal_budget": true,
        "timeout_attempts": [
          {
            "configured_timeout_ms": 1.0,
            "moveit_error_code": 99999,
            "planning_elapsed_ms": 11.626703024376184,
            "timeout_budget_result": "TIME_BUDGET_EXHAUSTED"
          }
        ],
        "timeout_budget_candidates_ms": [
          1.0,
          0.1,
          0.01
        ],
        "timeout_budget_result": "TIME_BUDGET_EXHAUSTED"
      },
      "passed": true,
      "ros_time": {
        "nanosec": 765363760,
        "sec": 1781660204
      },
      "start_wall_time": "2026-06-17T01:36:44.739865Z"
    },
    "post_emergency_stop_trajectory_rejection": {
      "command": [
        "python",
        "scripts/phase9/run_moveit_safety_evidence.py",
        "--check",
        "post_emergency_stop_trajectory_rejection"
      ],
      "end_wall_time": "2026-06-17T01:36:44.772851Z",
      "exit_code": 0,
      "log_path": "artifacts/phase9_1/moveit/logs/post_emergency_stop_trajectory_rejection.json",
      "observed_result": {
        "new_goal_accepted": false
      },
      "passed": true,
      "ros_time": {
        "nanosec": 772858257,
        "sec": 1781660204
      },
      "start_wall_time": "2026-06-17T01:36:44.769416Z"
    },
    "reachable_target_planning_success": {
      "command": [
        "python",
        "scripts/phase9/run_moveit_safety_evidence.py",
        "--check",
        "reachable_target_planning_success"
      ],
      "end_wall_time": "2026-06-17T01:36:43.573309Z",
      "exit_code": 0,
      "log_path": "artifacts/phase9_1/moveit/logs/reachable_target_planning_success.json",
      "observed_result": {
        "error_code": 1,
        "trajectory_points": 8
      },
      "passed": true,
      "ros_time": {
        "nanosec": 573321149,
        "sec": 1781660203
      },
      "start_wall_time": "2026-06-17T01:36:43.569301Z"
    },
    "unreachable_target_planning_failure": {
      "command": [
        "python",
        "scripts/phase9/run_moveit_safety_evidence.py",
        "--check",
        "unreachable_target_planning_failure"
      ],
      "end_wall_time": "2026-06-17T01:36:44.588639Z",
      "exit_code": 0,
      "log_path": "artifacts/phase9_1/moveit/logs/unreachable_target_planning_failure.json",
      "observed_result": {
        "error_code": 99999,
        "target": {
          "frame_id": "panda_link0",
          "link_name": "panda_hand",
          "x": 10.0
        },
        "trajectory_points": 0
      },
      "passed": true,
      "ros_time": {
        "nanosec": 588652682,
        "sec": 1781660204
      },
      "start_wall_time": "2026-06-17T01:36:43.573697Z"
    }
  },
  "log_integrity": {
    "checked_logs": [
      "artifacts/phase9_1/moveit/logs/moveit_panda_demo.log",
      "artifacts/phase9_1/moveit/logs/bigsmall_boundary_bridge.log"
    ],
    "passed": true,
    "violations": []
  },
  "process_provenance": {
    "bigsmall_boundary_log": "artifacts/phase9_1/moveit/logs/bigsmall_boundary_bridge.log",
    "moveit_config": "moveit_resources_panda_moveit_config",
    "moveit_log": "artifacts/phase9_1/moveit/logs/moveit_panda_demo.log",
    "rmw_implementation": "rmw_fastrtps_cpp",
    "ros_distro": "jazzy",
    "ros_domain_id": "85",
    "runtime": "robostack-moveit2"
  },
  "status": "MOVEIT_SAFETY_VALIDATED",
  "validation_claimed": true
}
