[INFO] [launch]: All log files can be found below $HOME/.ros/log/2026-06-17-15-37-10-605801-$USER-Ubuntu-3799268
[INFO] [launch]: Default logging verbosity is set to INFO
[INFO] [static_transform_publisher-1]: process started with pid [3799304]
[INFO] [robot_state_publisher-2]: process started with pid [3799306]
[INFO] [move_group-3]: process started with pid [3799308]
[INFO] [ros2_control_node-4]: process started with pid [3799310]
[INFO] [spawner-5]: process started with pid [3799312]
[INFO] [spawner-6]: process started with pid [3799314]
[INFO] [spawner-7]: process started with pid [3799316]
[static_transform_publisher-1] [WARN] [1781681830.750344488] []: Old-style arguments are deprecated; see --help for new-style arguments
[robot_state_publisher-2] [WARN] [1781681830.759015453] [kdl_parser]: The root link panda_link0 has an inertia specified in the URDF, but KDL does not support a root link with an inertia.  As a workaround, you can add an extra dummy link to your URDF.
[robot_state_publisher-2] [INFO] [1781681830.759064133] [robot_state_publisher]: Robot initialized
[static_transform_publisher-1] [INFO] [1781681830.761138722] [static_transform_publisher]: Spinning until stopped - publishing transform
[static_transform_publisher-1] translation: ('0.000000', '0.000000', '0.000000')
[static_transform_publisher-1] rotation: ('0.000000', '0.000000', '0.000000', '1.000000')
[static_transform_publisher-1] from 'world' to 'panda_link0'
[ros2_control_node-4] [INFO] [1781681830.762155297] [controller_manager]: Using Steady (Monotonic) clock for triggering controller manager cycles.
[ros2_control_node-4] [INFO] [1781681830.764262966] [controller_manager]: Subscribing to '/robot_description' topic for robot description.
[ros2_control_node-4] [INFO] [1781681830.765693999] [controller_manager]: update rate is 100 Hz
[ros2_control_node-4] [INFO] [1781681830.765705419] [controller_manager]: Overruns handling is : enabled
[ros2_control_node-4] [INFO] [1781681830.765709729] [controller_manager]: Spawning controller_manager RT thread with scheduler priority: 50
[ros2_control_node-4] [WARN] [1781681830.765776778] [controller_manager]: Could not enable FIFO RT scheduling policy: with error number <1>(Operation not permitted). See [https://control.ros.org/master/doc/ros2_control/controller_manager/doc/userdoc.html] for details on how to enable realtime scheduling.
[move_group-3] [INFO] [1781681830.796825849] [move_group.moveit.moveit.ros.rdf_loader]: Loaded robot model in 0.00398449 seconds
[move_group-3] [INFO] [1781681830.796867388] [move_group.moveit.moveit.core.robot_model]: Loading robot model 'panda'...
[move_group-3] [WARN] [1781681830.800769708] [kdl_parser]: The root link panda_link0 has an inertia specified in the URDF, but KDL does not support a root link with an inertia.  As a workaround, you can add an extra dummy link to your URDF.
[move_group-3] [INFO] [1781681830.800809078] [move_group.moveit.moveit.kinematics.kdl_kinematics_plugin]: Joint weights for group 'panda_arm': 1 1 1 1 1 1 1
[move_group-3] [INFO] [1781681830.820136199] [move_group.moveit.moveit.ros.planning_scene_monitor]: Publishing maintained planning scene on 'monitored_planning_scene'
[move_group-3] [INFO] [1781681830.820238208] [move_group.moveit.moveit.ros.moveit_cpp]: Listening to 'joint_states' for joint states
[move_group-3] [INFO] [1781681830.821040284] [move_group.moveit.moveit.ros.current_state_monitor]: Listening to joint states on topic 'joint_states'
[move_group-3] [INFO] [1781681830.821339542] [move_group.moveit.moveit.ros.planning_scene_monitor]: Listening to '/attached_collision_object' for attached collision objects
[move_group-3] [INFO] [1781681830.821354472] [move_group.moveit.moveit.ros.planning_scene_monitor]: Stopping existing planning scene publisher.
[move_group-3] [INFO] [1781681830.821428002] [move_group.moveit.moveit.ros.planning_scene_monitor]: Stopped publishing maintained planning scene.
[move_group-3] [INFO] [1781681830.821677261] [move_group.moveit.moveit.ros.planning_scene_monitor]: Publishing maintained planning scene on 'monitored_planning_scene'
[move_group-3] [INFO] [1781681830.821726410] [move_group.moveit.moveit.ros.planning_scene_monitor]: Starting planning scene monitor
[move_group-3] [INFO] [1781681830.822089089] [move_group.moveit.moveit.ros.planning_scene_monitor]: Listening to '/planning_scene'
[move_group-3] [INFO] [1781681830.822099738] [move_group.moveit.moveit.ros.planning_scene_monitor]: Starting world geometry update monitor for collision objects, attached objects, octomap updates.
[move_group-3] [INFO] [1781681830.822379717] [move_group.moveit.moveit.ros.planning_scene_monitor]: Listening to 'collision_object'
[move_group-3] [INFO] [1781681830.822618306] [move_group.moveit.moveit.ros.planning_scene_monitor]: Listening to 'planning_scene_world' for planning scene world geometry
[move_group-3] [WARN] [1781681830.822686205] [move_group.moveit.moveit.ros.occupancy_map_monitor]: Resolution not specified for Octomap. Assuming resolution = 0.1 instead
[move_group-3] [ERROR] [1781681830.822697415] [move_group.moveit.moveit.ros.occupancy_map_monitor]: No 3D sensor plugin(s) defined for octomap updates
[move_group-3] [INFO] [1781681830.836901372] [move_group.moveit.moveit.ros.planning_pipeline]: Successfully loaded planner 'OMPL'
[move_group-3] [INFO] [1781681830.838127036] [move_group]: Try loading adapter 'default_planning_request_adapters/ResolveConstraintFrames'
[move_group-3] [INFO] [1781681830.839060801] [move_group]: Loaded adapter 'default_planning_request_adapters/ResolveConstraintFrames'
[move_group-3] [INFO] [1781681830.839074081] [move_group]: Try loading adapter 'default_planning_request_adapters/ValidateWorkspaceBounds'
[move_group-3] [INFO] [1781681830.839176171] [move_group]: Loaded adapter 'default_planning_request_adapters/ValidateWorkspaceBounds'
[move_group-3] [INFO] [1781681830.839181871] [move_group]: Try loading adapter 'default_planning_request_adapters/CheckStartStateBounds'
[move_group-3] [INFO] [1781681830.839197380] [move_group]: Loaded adapter 'default_planning_request_adapters/CheckStartStateBounds'
[move_group-3] [INFO] [1781681830.839201580] [move_group]: Try loading adapter 'default_planning_request_adapters/CheckStartStateCollision'
[move_group-3] [INFO] [1781681830.839210420] [move_group]: Loaded adapter 'default_planning_request_adapters/CheckStartStateCollision'
[move_group-3] [INFO] [1781681830.840072446] [move_group]: Try loading adapter 'default_planning_response_adapters/AddTimeOptimalParameterization'
[move_group-3] [INFO] [1781681830.842658363] [move_group]: Loaded adapter 'default_planning_response_adapters/AddTimeOptimalParameterization'
[move_group-3] [INFO] [1781681830.842852092] [move_group]: Try loading adapter 'default_planning_response_adapters/ValidateSolution'
[move_group-3] [INFO] [1781681830.845254049] [move_group]: Loaded adapter 'default_planning_response_adapters/ValidateSolution'
[move_group-3] [INFO] [1781681830.845457838] [move_group]: Try loading adapter 'default_planning_response_adapters/DisplayMotionPath'
[move_group-3] [INFO] [1781681830.846229374] [move_group]: Loaded adapter 'default_planning_response_adapters/DisplayMotionPath'
[move_group-3] [INFO] [1781681830.851810806] [move_group.moveit.moveit.ros.planning_pipeline]: Successfully loaded planner 'CHOMP'
[move_group-3] [INFO] [1781681830.852875560] [move_group]: Try loading adapter 'default_planning_request_adapters/ResolveConstraintFrames'
[move_group-3] [INFO] [1781681830.853114779] [move_group]: Loaded adapter 'default_planning_request_adapters/ResolveConstraintFrames'
[move_group-3] [INFO] [1781681830.853299058] [move_group]: Try loading adapter 'default_planning_request_adapters/ValidateWorkspaceBounds'
[move_group-3] [INFO] [1781681830.854001044] [move_group]: Loaded adapter 'default_planning_request_adapters/ValidateWorkspaceBounds'
[move_group-3] [INFO] [1781681830.854188583] [move_group]: Try loading adapter 'default_planning_request_adapters/CheckStartStateBounds'
[move_group-3] [INFO] [1781681830.854211093] [move_group]: Loaded adapter 'default_planning_request_adapters/CheckStartStateBounds'
[move_group-3] [INFO] [1781681830.854215793] [move_group]: Try loading adapter 'default_planning_request_adapters/CheckStartStateCollision'
[move_group-3] [INFO] [1781681830.854225463] [move_group]: Loaded adapter 'default_planning_request_adapters/CheckStartStateCollision'
[move_group-3] [INFO] [1781681830.855368667] [move_group]: Try loading adapter 'default_planning_response_adapters/AddTimeOptimalParameterization'
[move_group-3] [INFO] [1781681830.856085044] [move_group]: Loaded adapter 'default_planning_response_adapters/AddTimeOptimalParameterization'
[move_group-3] [INFO] [1781681830.865086017] [move_group.moveit.moveit.planners.pilz.joint_limits_aggregator]: Reading limits from namespace robot_description_planning
[move_group-3] [WARN] [1781681830.869025277] [move_group.moveit.moveit.planners.pilz.joint_limits_aggregator]: Multi-DOF-Joint 'virtual_joint' not supported.
[move_group-3] [WARN] [1781681830.869049207] [move_group.moveit.moveit.planners.pilz.joint_limits_aggregator]: Multi-DOF-Joint 'virtual_joint' not supported.
[move_group-3] [INFO] [1781681830.871322515] [move_group.moveit.moveit.planners.pilz.command_planner]: Available plugins: pilz_industrial_motion_planner/PlanningContextLoaderCIRC pilz_industrial_motion_planner/PlanningContextLoaderLIN pilz_industrial_motion_planner/PlanningContextLoaderPTP
[move_group-3] [INFO] [1781681830.871338595] [move_group.moveit.moveit.planners.pilz.command_planner]: About to load: pilz_industrial_motion_planner/PlanningContextLoaderCIRC
[move_group-3] [INFO] [1781681830.874378249] [move_group.moveit.moveit.planners.pilz.command_planner]: Registered Algorithm [CIRC]
[move_group-3] [INFO] [1781681830.874810787] [move_group.moveit.moveit.planners.pilz.command_planner]: About to load: pilz_industrial_motion_planner/PlanningContextLoaderLIN
[move_group-3] [INFO] [1781681830.877025186] [move_group.moveit.moveit.planners.pilz.command_planner]: Registered Algorithm [LIN]
[move_group-3] [INFO] [1781681830.877043226] [move_group.moveit.moveit.planners.pilz.command_planner]: About to load: pilz_industrial_motion_planner/PlanningContextLoaderPTP
[move_group-3] [INFO] [1781681830.878338289] [move_group.moveit.moveit.planners.pilz.command_planner]: Registered Algorithm [PTP]
[move_group-3] [INFO] [1781681830.879060655] [move_group.moveit.moveit.ros.planning_pipeline]: Successfully loaded planner 'Pilz Industrial Motion Planner'
[move_group-3] [INFO] [1781681830.881168354] [move_group]: Try loading adapter 'default_planning_request_adapters/ValidateWorkspaceBounds'
[move_group-3] [INFO] [1781681830.882117339] [move_group]: Loaded adapter 'default_planning_request_adapters/ValidateWorkspaceBounds'
[move_group-3] [INFO] [1781681830.882128839] [move_group]: Try loading adapter 'default_planning_request_adapters/CheckStartStateBounds'
[move_group-3] [INFO] [1781681830.882146699] [move_group]: Loaded adapter 'default_planning_request_adapters/CheckStartStateBounds'
[move_group-3] [INFO] [1781681830.882151319] [move_group]: Try loading adapter 'default_planning_request_adapters/CheckStartStateCollision'
[move_group-3] [INFO] [1781681830.882161739] [move_group]: Loaded adapter 'default_planning_request_adapters/CheckStartStateCollision'
[move_group-3] [WARN] [1781681830.882165939] [move_group.moveit.moveit.ros.planning_pipeline]: No planning response adapter names specified.
[move_group-3] [INFO] [1781681830.888762475] [move_group.moveit.moveit.ros.planning_pipeline]: Successfully loaded planner 'STOMP'
[move_group-3] [INFO] [1781681830.890690905] [move_group]: Try loading adapter 'default_planning_request_adapters/ResolveConstraintFrames'
[move_group-3] [INFO] [1781681830.890749705] [move_group]: Loaded adapter 'default_planning_request_adapters/ResolveConstraintFrames'
[move_group-3] [INFO] [1781681830.890755675] [move_group]: Try loading adapter 'default_planning_request_adapters/ValidateWorkspaceBounds'
[move_group-3] [INFO] [1781681830.891738360] [move_group]: Loaded adapter 'default_planning_request_adapters/ValidateWorkspaceBounds'
[move_group-3] [INFO] [1781681830.891750890] [move_group]: Try loading adapter 'default_planning_request_adapters/CheckStartStateBounds'
[move_group-3] [INFO] [1781681830.891768800] [move_group]: Loaded adapter 'default_planning_request_adapters/CheckStartStateBounds'
[move_group-3] [INFO] [1781681830.891773370] [move_group]: Try loading adapter 'default_planning_request_adapters/CheckStartStateCollision'
[move_group-3] [INFO] [1781681830.891783610] [move_group]: Loaded adapter 'default_planning_request_adapters/CheckStartStateCollision'
[move_group-3] [INFO] [1781681830.893655170] [move_group]: Try loading adapter 'default_planning_response_adapters/AddTimeOptimalParameterization'
[move_group-3] [INFO] [1781681830.896486025] [move_group]: Loaded adapter 'default_planning_response_adapters/AddTimeOptimalParameterization'
[move_group-3] [INFO] [1781681830.896499815] [move_group]: Try loading adapter 'default_planning_response_adapters/ValidateSolution'
[move_group-3] [INFO] [1781681830.897566130] [move_group]: Loaded adapter 'default_planning_response_adapters/ValidateSolution'
[move_group-3] [INFO] [1781681830.897578650] [move_group]: Try loading adapter 'default_planning_response_adapters/DisplayMotionPath'
[move_group-3] [INFO] [1781681830.898645424] [move_group]: Loaded adapter 'default_planning_response_adapters/DisplayMotionPath'
[ros2_control_node-4] [INFO] [1781681830.916270364] [controller_manager]: Received robot description from topic.
[ros2_control_node-4] [INFO] [1781681830.916657042] [controller_manager]: Enforcing command limits is disabled. Command limits from URDF will be ignored.
[ros2_control_node-4] [INFO] [1781681830.920194024] [controller_manager]: Loading hardware 'PandaFakeSystem'
[ros2_control_node-4] [INFO] [1781681830.920788141] [controller_manager]: Loaded hardware 'PandaFakeSystem' from plugin 'mock_components/GenericSystem'
[ros2_control_node-4] [INFO] [1781681830.921125869] [controller_manager]: Initialize hardware 'PandaFakeSystem'
[ros2_control_node-4] [INFO] [1781681830.929160637] [controller_manager]: Successful initialization of hardware 'PandaFakeSystem'
[ros2_control_node-4] [INFO] [1781681830.929292217] [controller_manager]: Loading hardware 'PandaHandFakeSystem'
[ros2_control_node-4] [INFO] [1781681830.929307517] [controller_manager]: Loaded hardware 'PandaHandFakeSystem' from plugin 'mock_components/GenericSystem'
[ros2_control_node-4] [INFO] [1781681830.929334336] [controller_manager]: Initialize hardware 'PandaHandFakeSystem'
[ros2_control_node-4] [INFO] [1781681830.935276816] [controller_manager]: Successful initialization of hardware 'PandaHandFakeSystem'
[ros2_control_node-4] [INFO] [1781681830.935352395] [resource_manager]: 'configure' hardware 'PandaHandFakeSystem'
[ros2_control_node-4] [INFO] [1781681830.935361465] [resource_manager]: Successful 'configure' of hardware 'PandaHandFakeSystem'
[ros2_control_node-4] [INFO] [1781681830.935364365] [resource_manager]: 'activate' hardware 'PandaHandFakeSystem'
[ros2_control_node-4] [INFO] [1781681830.935367845] [resource_manager]: Successful 'activate' of hardware 'PandaHandFakeSystem'
[ros2_control_node-4] [INFO] [1781681830.935381285] [resource_manager]: 'configure' hardware 'PandaFakeSystem'
[ros2_control_node-4] [INFO] [1781681830.935386055] [resource_manager]: Successful 'configure' of hardware 'PandaFakeSystem'
[ros2_control_node-4] [INFO] [1781681830.935389555] [resource_manager]: 'activate' hardware 'PandaFakeSystem'
[ros2_control_node-4] [INFO] [1781681830.935411425] [resource_manager]: Successful 'activate' of hardware 'PandaFakeSystem'
[ros2_control_node-4] [INFO] [1781681830.935430875] [controller_manager]: Registering statistics for : PandaHandFakeSystem
[ros2_control_node-4] [INFO] [1781681830.935472775] [controller_manager]: Registering statistics for : PandaFakeSystem
[ros2_control_node-4] [INFO] [1781681830.935533044] [controller_manager]: Resource Manager has been successfully initialized. Starting Controller Manager services...
[move_group-3] [INFO] [1781681830.943054216] [move_group.moveit.moveit.plugins.simple_controller_manager]: Added FollowJointTrajectory controller for panda_arm_controller
[move_group-3] [INFO] [1781681830.943086976] [move_group.moveit.moveit.plugins.simple_controller_manager]: panda_hand_controller will command a max effort of: 0
[move_group-3] [INFO] [1781681830.944631898] [move_group.moveit.moveit.plugins.simple_controller_manager]: Added GripperCommand controller for panda_hand_controller
[move_group-3] [INFO] [1781681830.944737167] [move_group.moveit.moveit.plugins.simple_controller_manager]: Returned 2 controllers in list
[move_group-3] [INFO] [1781681830.944751517] [move_group.moveit.moveit.plugins.simple_controller_manager]: Returned 2 controllers in list
[move_group-3] [INFO] [1781681830.944976646] [move_group.moveit.moveit.ros.trajectory_execution_manager]: Trajectory execution is managing controllers
[move_group-3] [INFO] [1781681830.944993266] [move_group]: MoveGroup debug mode is ON
[move_group-3] [WARN] [1781681830.947218474] [move_group.moveit.moveit.ros.current_state_monitor]: Unable to update multi-DOF joint 'virtual_joint':Failure to lookup transform between 'world'and 'panda_link0' with TF exception: "world" passed to lookupTransform argument target_frame does not exist.
[ros2_control_node-4] [INFO] [1781681830.948468208] [controller_manager]: Received robot description from topic.
[ros2_control_node-4] [WARN] [1781681830.948490848] [controller_manager]: ResourceManager has already loaded a urdf. Ignoring attempt to reload a robot description.
[spawner-5] [INFO] [1781681830.951008765] [spawner_joint_state_broadcaster]: waiting for service /controller_manager/list_controllers to become available...
[move_group-3] [INFO] [1781681830.956865665] [move_group.moveit.moveit.planners.pilz.move_group_sequence_action]: initialize move group sequence action
[move_group-3] [INFO] [1781681830.958371977] [move_group.moveit.moveit.planners.pilz.joint_limits_aggregator]: Reading limits from namespace robot_description_planning
[move_group-3] [WARN] [1781681830.958400547] [move_group.moveit.moveit.planners.pilz.joint_limits_aggregator]: Multi-DOF-Joint 'virtual_joint' not supported.
[move_group-3] [WARN] [1781681830.958412927] [move_group.moveit.moveit.planners.pilz.joint_limits_aggregator]: Multi-DOF-Joint 'virtual_joint' not supported.
[move_group-3] [INFO] [1781681830.958514186] [move_group.moveit.moveit.planners.pilz.joint_limits_aggregator]: Reading limits from namespace robot_description_planning
[move_group-3] [WARN] [1781681830.958526896] [move_group.moveit.moveit.planners.pilz.joint_limits_aggregator]: Multi-DOF-Joint 'virtual_joint' not supported.
[move_group-3] [WARN] [1781681830.958534926] [move_group.moveit.moveit.planners.pilz.joint_limits_aggregator]: Multi-DOF-Joint 'virtual_joint' not supported.
[move_group-3] [INFO] [1781681830.958945064] [move_group.moveit.moveit.ros.move_group.executable]:
[move_group-3]
[move_group-3] ********************************************************
[move_group-3] * MoveGroup using:
[move_group-3] *     - apply_planning_scene_service
[move_group-3] *     - clear_octomap_service
[move_group-3] *     - get_group_urdf
[move_group-3] *     - load_geometry_from_file
[move_group-3] *     - CartesianPathService
[move_group-3] *     - execute_trajectory_action
[move_group-3] *     - get_planning_scene_service
[move_group-3] *     - kinematics_service
[move_group-3] *     - move_action
[move_group-3] *     - motion_plan_service
[move_group-3] *     - query_planners_service
[move_group-3] *     - state_validation_service
[move_group-3] *     - save_geometry_to_file
[move_group-3] *     - SequenceAction
[move_group-3] *     - SequenceService
[move_group-3] ********************************************************
[move_group-3]
[move_group-3] [INFO] [1781681830.958964184] [move_group.moveit.moveit.ros.move_group.context]: MoveGroup context using pipeline ompl
[move_group-3] [INFO] [1781681830.958973254] [move_group.moveit.moveit.ros.move_group.context]: MoveGroup context initialization complete
[move_group-3] [96mLoading 'move_group/ApplyPlanningSceneService'...[0m
[move_group-3] [96mLoading 'move_group/ClearOctomapService'...[0m
[move_group-3] [96mLoading 'move_group/GetUrdfService'...[0m
[move_group-3] [96mLoading 'move_group/LoadGeometryFromFileService'...[0m
[move_group-3] [96mLoading 'move_group/MoveGroupCartesianPathService'...[0m
[move_group-3] [96mLoading 'move_group/MoveGroupExecuteTrajectoryAction'...[0m
[move_group-3] [96mLoading 'move_group/MoveGroupGetPlanningSceneService'...[0m
[move_group-3] [96mLoading 'move_group/MoveGroupKinematicsService'...[0m
[move_group-3] [96mLoading 'move_group/MoveGroupMoveAction'...[0m
[move_group-3] [96mLoading 'move_group/MoveGroupPlanService'...[0m
[move_group-3] [96mLoading 'move_group/MoveGroupQueryPlannersService'...[0m
[move_group-3] [96mLoading 'move_group/MoveGroupStateValidationService'...[0m
[move_group-3] [96mLoading 'move_group/SaveGeometryToFileService'...[0m
[move_group-3] [96mLoading 'pilz_industrial_motion_planner/MoveGroupSequenceAction'...[0m
[move_group-3] [96mLoading 'pilz_industrial_motion_planner/MoveGroupSequenceService'...[0m
[move_group-3]
[move_group-3] [92mYou can start planning now![0m
[move_group-3]
[move_group-3] [INFO] [1781681830.971533109] [move_group.moveit.moveit.ros.move_group.plan_service]: Received new planning service request...
[move_group-3] [INFO] [1781681830.971566099] [move_group.moveit.moveit.ros.move_group.capability]: Using planning pipeline 'ompl'
[move_group-3] [INFO] [1781681830.971632329] [move_group]: Calling PlanningRequestAdapter 'ResolveConstraintFrames'
[move_group-3] [INFO] [1781681830.971645079] [move_group]: Calling PlanningRequestAdapter 'ValidateWorkspaceBounds'
[move_group-3] [WARN] [1781681830.971648489] [move_group.moveit.moveit.ros.validate_workspace_bounds]: It looks like the planning volume was not specified. Using default values.
[move_group-3] [INFO] [1781681830.971656079] [move_group]: Calling PlanningRequestAdapter 'CheckStartStateBounds'
[move_group-3] [INFO] [1781681830.971671109] [move_group]: Calling PlanningRequestAdapter 'CheckStartStateCollision'
[move_group-3] [INFO] [1781681830.971891858] [move_group.moveit.moveit.planners.ompl.model_based_planning_context]: Planner configuration 'panda_arm' will use planner 'geometric::RRTConnect'. Additional configuration parameters will be set when the planner is constructed.
[move_group-3] [INFO] [1781681830.971950277] [move_group]: Calling Planner 'OMPL'
[move_group-3] [INFO] [1781681830.974041716] [move_group]: Calling PlanningResponseAdapter 'AddTimeOptimalParameterization'
[move_group-3] [WARN] [1781681830.974057776] [move_group.moveit.moveit.core.time_optimal_trajectory_generation]: Invalid max_velocity_scaling_factor 0.000000 specified, defaulting to 1.000000 instead.
[move_group-3] [WARN] [1781681830.974065416] [move_group.moveit.moveit.core.time_optimal_trajectory_generation]: Invalid max_acceleration_scaling_factor 0.000000 specified, defaulting to 1.000000 instead.
[move_group-3] [INFO] [1781681830.974235825] [move_group]: Calling PlanningResponseAdapter 'ValidateSolution'
[move_group-3] [INFO] [1781681830.974312635] [move_group]: Calling PlanningResponseAdapter 'DisplayMotionPath'
[move_group-3] [WARN] [1781681830.974330805] [move_group.moveit.moveit.ros.planning_pipeline]: The planner plugin did not fill out the 'planner_id' field of the MotionPlanResponse. Setting it to the planner ID name of the MotionPlanRequest assuming that the planner plugin does warn you if it does not use the requested planner.
[move_group-3] [INFO] [1781681830.976109186] [move_group.moveit.moveit.ros.move_group.plan_service]: Received new planning service request...
[move_group-3] [INFO] [1781681830.976137986] [move_group.moveit.moveit.ros.move_group.capability]: Using planning pipeline 'ompl'
[move_group-3] [INFO] [1781681830.976156215] [move_group]: Calling PlanningRequestAdapter 'ResolveConstraintFrames'
[move_group-3] [INFO] [1781681830.976168445] [move_group]: Calling PlanningRequestAdapter 'ValidateWorkspaceBounds'
[move_group-3] [WARN] [1781681830.976172115] [move_group.moveit.moveit.ros.validate_workspace_bounds]: It looks like the planning volume was not specified. Using default values.
[move_group-3] [INFO] [1781681830.976180225] [move_group]: Calling PlanningRequestAdapter 'CheckStartStateBounds'
[move_group-3] [INFO] [1781681830.976190745] [move_group]: Calling PlanningRequestAdapter 'CheckStartStateCollision'
[move_group-3] [INFO] [1781681830.976312795] [move_group.moveit.moveit.planners.ompl.model_based_planning_context]: Planner configuration 'panda_arm' will use planner 'geometric::RRTConnect'. Additional configuration parameters will be set when the planner is constructed.
[move_group-3] [INFO] [1781681830.976360254] [move_group]: Calling Planner 'OMPL'
[ros2_control_node-4] [INFO] [1781681831.202382331] [controller_manager]: Loading controller : 'joint_state_broadcaster' of type 'joint_state_broadcaster/JointStateBroadcaster'
[ros2_control_node-4] [INFO] [1781681831.202432161] [controller_manager]: Loading controller 'joint_state_broadcaster'
[ros2_control_node-4] [INFO] [1781681831.205812483] [controller_manager]: Controller 'joint_state_broadcaster' node arguments: --ros-args --params-file $HOME/anaconda3/envs/bigsmall-ros2-jazzy-moveit/share/moveit_resources_panda_moveit_config/config/ros2_controllers.yaml
[spawner-5] [INFO] [1781681831.217296164] [spawner_joint_state_broadcaster]: Loaded joint_state_broadcaster
[ros2_control_node-4] [INFO] [1781681831.217972761] [controller_manager]: Configuring controller: 'joint_state_broadcaster'
[ros2_control_node-4] [INFO] [1781681831.218011971] [joint_state_broadcaster]: 'joints' or 'interfaces' parameter is empty. All available state interfaces will be published
[ros2_control_node-4] [INFO] [1781681831.226902795] [controller_manager]: Activating controllers: [ joint_state_broadcaster ]
[ros2_control_node-4] [INFO] [1781681831.236033778] [controller_manager]: Successfully switched controllers!
[spawner-5] [INFO] [1781681831.246882112] [spawner_joint_state_broadcaster]: Configured and activated joint_state_broadcaster
[spawner-7] [INFO] [1781681831.305179982] [spawner_panda_hand_controller]: waiting for service /controller_manager/list_controllers to become available...
[INFO] [spawner-5]: process has finished cleanly [pid 3799312]
[move_group-3] [ERROR] [1781681831.981914658] [move_group.moveit.moveit.planners.ompl.planner_manager]: $HOME/feedstock_root/build_artifacts/ompl_1761047495582/work/src/ompl/geometric/planners/rrt/src/RRTConnect.cpp:265 - panda_arm/panda_arm: Unable to sample any valid states for goal tree
[move_group-3] [ERROR] [1781681831.981994888] [move_group.moveit.moveit.planners.ompl.planner_manager]: $HOME/feedstock_root/build_artifacts/ompl_1761047495582/work/src/ompl/geometric/planners/rrt/src/RRTConnect.cpp:265 - panda_arm/panda_arm: Unable to sample any valid states for goal tree
[move_group-3] [ERROR] [1781681831.982047977] [move_group.moveit.moveit.planners.ompl.planner_manager]: $HOME/feedstock_root/build_artifacts/ompl_1761047495582/work/src/ompl/geometric/planners/rrt/src/RRTConnect.cpp:265 - panda_arm/panda_arm: Unable to sample any valid states for goal tree
[move_group-3] [WARN] [1781681831.982097837] [move_group.moveit.moveit.planners.ompl.planner_manager]: $HOME/feedstock_root/build_artifacts/ompl_1761047495582/work/src/ompl/tools/multiplan/src/ParallelPlan.cpp:138 - ParallelPlan::solve(): Unable to find solution by any of the threads in 1.005702 seconds
[move_group-3] [ERROR] [1781681831.988855282] [move_group.moveit.moveit.planners.ompl.model_based_planning_context]: Unable to solve the planning problem
[move_group-3] [ERROR] [1781681831.988900412] [move_group]: Planner 'OMPL' failed with error code FAILURE
[move_group-3] [ERROR] [1781681831.988913872] [move_group.moveit.moveit.ros.move_group.plan_service]: Generating a plan with planning pipeline failed.
[move_group-3] [WARN] [1781681831.998105454] [move_group.moveit.moveit.core.planning_scene]: Tried to remove world object 'phase9_1_collision_box', but it does not exist in this scene.
[move_group-3] [INFO] [1781681831.998849791] [move_group.moveit.moveit.ros.move_group.plan_service]: Received new planning service request...
[move_group-3] [INFO] [1781681831.998872321] [move_group.moveit.moveit.ros.move_group.capability]: Using planning pipeline 'ompl'
[move_group-3] [INFO] [1781681831.998891161] [move_group]: Calling PlanningRequestAdapter 'ResolveConstraintFrames'
[move_group-3] [INFO] [1781681831.998902441] [move_group]: Calling PlanningRequestAdapter 'ValidateWorkspaceBounds'
[move_group-3] [WARN] [1781681831.998905701] [move_group.moveit.moveit.ros.validate_workspace_bounds]: It looks like the planning volume was not specified. Using default values.
[move_group-3] [INFO] [1781681831.998914081] [move_group]: Calling PlanningRequestAdapter 'CheckStartStateBounds'
[move_group-3] [INFO] [1781681831.998926880] [move_group]: Calling PlanningRequestAdapter 'CheckStartStateCollision'
[move_group-3] [INFO] [1781681831.999071200] [move_group.moveit.moveit.planners.ompl.model_based_planning_context]: Planner configuration 'panda_arm' will use planner 'geometric::RRTConnect'. Additional configuration parameters will be set when the planner is constructed.
[move_group-3] [INFO] [1781681831.999116580] [move_group]: Calling Planner 'OMPL'
[move_group-3] [INFO] [1781681832.011343406] [move_group]: Calling PlanningResponseAdapter 'AddTimeOptimalParameterization'
[move_group-3] [WARN] [1781681832.011356716] [move_group.moveit.moveit.core.time_optimal_trajectory_generation]: Invalid max_velocity_scaling_factor 0.000000 specified, defaulting to 1.000000 instead.
[move_group-3] [WARN] [1781681832.011364786] [move_group.moveit.moveit.core.time_optimal_trajectory_generation]: Invalid max_acceleration_scaling_factor 0.000000 specified, defaulting to 1.000000 instead.
[move_group-3] [INFO] [1781681832.011578415] [move_group]: Calling PlanningResponseAdapter 'ValidateSolution'
[move_group-3] [INFO] [1781681832.011649685] [move_group]: Calling PlanningResponseAdapter 'DisplayMotionPath'
[move_group-3] [WARN] [1781681832.011665445] [move_group.moveit.moveit.ros.planning_pipeline]: The planner plugin did not fill out the 'planner_id' field of the MotionPlanResponse. Setting it to the planner ID name of the MotionPlanRequest assuming that the planner plugin does warn you if it does not use the requested planner.
[move_group-3] [INFO] [1781681832.015161257] [move_group.moveit.moveit.ros.move_group.plan_service]: Received new planning service request...
[move_group-3] [INFO] [1781681832.015181177] [move_group.moveit.moveit.ros.move_group.capability]: Using planning pipeline 'ompl'
[move_group-3] [INFO] [1781681832.015195117] [move_group]: Calling PlanningRequestAdapter 'ResolveConstraintFrames'
[move_group-3] [INFO] [1781681832.015205406] [move_group]: Calling PlanningRequestAdapter 'ValidateWorkspaceBounds'
[move_group-3] [WARN] [1781681832.015208606] [move_group.moveit.moveit.ros.validate_workspace_bounds]: It looks like the planning volume was not specified. Using default values.
[move_group-3] [INFO] [1781681832.015215956] [move_group]: Calling PlanningRequestAdapter 'CheckStartStateBounds'
[move_group-3] [INFO] [1781681832.015226706] [move_group]: Calling PlanningRequestAdapter 'CheckStartStateCollision'
[move_group-3] [ERROR] [1781681832.015495815] [move_group]: PlanningRequestAdapter 'CheckStartStateCollision' failed, because '3 contact(s) detected : panda_hand - phase9_1_collision_box, panda_leftfinger - phase9_1_collision_box, panda_rightfinger - phase9_1_collision_box, '. Aborting planning pipeline.
[move_group-3] [ERROR] [1781681832.015517255] [move_group.moveit.moveit.ros.move_group.plan_service]: Generating a plan with planning pipeline failed.
[move_group-3] [INFO] [1781681832.141328538] [move_group.moveit.moveit.ros.move_group.plan_service]: Received new planning service request...
[move_group-3] [INFO] [1781681832.141360267] [move_group.moveit.moveit.ros.move_group.capability]: Using planning pipeline 'ompl'
[move_group-3] [INFO] [1781681832.141380437] [move_group]: Calling PlanningRequestAdapter 'ResolveConstraintFrames'
[move_group-3] [INFO] [1781681832.141397377] [move_group]: Calling PlanningRequestAdapter 'ValidateWorkspaceBounds'
[move_group-3] [WARN] [1781681832.141402457] [move_group.moveit.moveit.ros.validate_workspace_bounds]: It looks like the planning volume was not specified. Using default values.
[move_group-3] [INFO] [1781681832.141412997] [move_group]: Calling PlanningRequestAdapter 'CheckStartStateBounds'
[move_group-3] [INFO] [1781681832.141426287] [move_group]: Calling PlanningRequestAdapter 'CheckStartStateCollision'
[move_group-3] [INFO] [1781681832.141566136] [move_group.moveit.moveit.planners.ompl.model_based_planning_context]: Planner configuration 'panda_arm' will use planner 'geometric::RRTConnect'. Additional configuration parameters will be set when the planner is constructed.
[move_group-3] [INFO] [1781681832.141608516] [move_group]: Calling Planner 'OMPL'
[move_group-3] [INFO] [1781681832.153735193] [move_group]: Calling PlanningResponseAdapter 'AddTimeOptimalParameterization'
[move_group-3] [WARN] [1781681832.153747653] [move_group.moveit.moveit.core.time_optimal_trajectory_generation]: Invalid max_velocity_scaling_factor 0.000000 specified, defaulting to 1.000000 instead.
[move_group-3] [WARN] [1781681832.153755303] [move_group.moveit.moveit.core.time_optimal_trajectory_generation]: Invalid max_acceleration_scaling_factor 0.000000 specified, defaulting to 1.000000 instead.
[move_group-3] [INFO] [1781681832.153917672] [move_group]: Calling PlanningResponseAdapter 'ValidateSolution'
[move_group-3] [INFO] [1781681832.153978522] [move_group]: Calling PlanningResponseAdapter 'DisplayMotionPath'
[move_group-3] [WARN] [1781681832.153993242] [move_group.moveit.moveit.ros.planning_pipeline]: The planner plugin did not fill out the 'planner_id' field of the MotionPlanResponse. Setting it to the planner ID name of the MotionPlanRequest assuming that the planner plugin does warn you if it does not use the requested planner.
[move_group-3] [INFO] [1781681832.155100566] [move_group.moveit.moveit.ros.move_group.plan_service]: Received new planning service request...
[move_group-3] [INFO] [1781681832.155122206] [move_group.moveit.moveit.ros.move_group.capability]: Using planning pipeline 'ompl'
[move_group-3] [INFO] [1781681832.155138496] [move_group]: Calling PlanningRequestAdapter 'ResolveConstraintFrames'
[move_group-3] [INFO] [1781681832.155148536] [move_group]: Calling PlanningRequestAdapter 'ValidateWorkspaceBounds'
[move_group-3] [WARN] [1781681832.155151696] [move_group.moveit.moveit.ros.validate_workspace_bounds]: It looks like the planning volume was not specified. Using default values.
[move_group-3] [INFO] [1781681832.155159006] [move_group]: Calling PlanningRequestAdapter 'CheckStartStateBounds'
[move_group-3] [INFO] [1781681832.155171866] [move_group]: Calling PlanningRequestAdapter 'CheckStartStateCollision'
[move_group-3] [INFO] [1781681832.155275745] [move_group.moveit.moveit.planners.ompl.model_based_planning_context]: Planner configuration 'panda_arm' will use planner 'geometric::RRTConnect'. Additional configuration parameters will be set when the planner is constructed.
[move_group-3] [INFO] [1781681832.155313765] [move_group]: Calling Planner 'OMPL'
[move_group-3] [ERROR] [1781681832.165459723] [move_group.moveit.moveit.planners.ompl.planner_manager]: $HOME/feedstock_root/build_artifacts/ompl_1761047495582/work/src/ompl/geometric/planners/rrt/src/RRTConnect.cpp:265 - panda_arm/panda_arm: Unable to sample any valid states for goal tree
[move_group-3] [ERROR] [1781681832.165520123] [move_group.moveit.moveit.planners.ompl.planner_manager]: $HOME/feedstock_root/build_artifacts/ompl_1761047495582/work/src/ompl/geometric/planners/rrt/src/RRTConnect.cpp:265 - panda_arm/panda_arm: Unable to sample any valid states for goal tree
[move_group-3] [ERROR] [1781681832.165555773] [move_group.moveit.moveit.planners.ompl.planner_manager]: $HOME/feedstock_root/build_artifacts/ompl_1761047495582/work/src/ompl/geometric/planners/rrt/src/RRTConnect.cpp:265 - panda_arm/panda_arm: Unable to sample any valid states for goal tree
[move_group-3] [ERROR] [1781681832.165590243] [move_group.moveit.moveit.planners.ompl.planner_manager]: $HOME/feedstock_root/build_artifacts/ompl_1761047495582/work/src/ompl/geometric/planners/rrt/src/RRTConnect.cpp:265 - panda_arm/panda_arm: Unable to sample any valid states for goal tree
[move_group-3] [WARN] [1781681832.165635452] [move_group.moveit.moveit.planners.ompl.planner_manager]: $HOME/feedstock_root/build_artifacts/ompl_1761047495582/work/src/ompl/tools/multiplan/src/ParallelPlan.cpp:138 - ParallelPlan::solve(): Unable to find solution by any of the threads in 0.010286 seconds
[move_group-3] [ERROR] [1781681832.165675402] [move_group.moveit.moveit.planners.ompl.model_based_planning_context]: Unable to solve the planning problem
[move_group-3] [ERROR] [1781681832.165695772] [move_group]: Planner 'OMPL' failed with error code FAILURE
[move_group-3] [ERROR] [1781681832.165704422] [move_group.moveit.moveit.ros.move_group.plan_service]: Generating a plan with planning pipeline failed.
