$ bash -lc source scripts/phase9/activate_ros2_moveit_env.sh >/dev/null && command -v ros2
exit_code=0
--- stdout ---
$HOME/anaconda3/envs/bigsmall-ros2-jazzy-moveit/bin/ros2
$ bash -lc source scripts/phase9/activate_ros2_moveit_env.sh >/dev/null && ros2 pkg prefix rclpy
exit_code=0
--- stdout ---
$HOME/anaconda3/envs/bigsmall-ros2-jazzy-moveit
$ bash -lc source scripts/phase9/activate_ros2_moveit_env.sh >/dev/null && python -c 'import rclpy; print("rclpy-importable")'
exit_code=0
--- stdout ---
rclpy-importable
$ bash -lc source scripts/phase9/activate_ros2_moveit_env.sh >/dev/null && python -c 'from ament_index_python.packages import get_package_prefix; print(get_package_prefix("rclpy"))'
exit_code=0
--- stdout ---
$HOME/anaconda3/envs/bigsmall-ros2-jazzy-moveit
$ bash -lc source scripts/phase9/activate_ros2_moveit_env.sh >/dev/null && command -v colcon && colcon --help >/dev/null
exit_code=0
--- stdout ---
$HOME/anaconda3/envs/bigsmall-ros2-jazzy-moveit/bin/colcon
$ bash -lc source scripts/phase9/activate_ros2_moveit_env.sh >/dev/null && command -v rosdep && rosdep --version
exit_code=0
--- stdout ---
$HOME/anaconda3/envs/bigsmall-ros2-jazzy-moveit/bin/rosdep
0.26.0
$ bash -lc source scripts/phase9/activate_ros2_moveit_env.sh >/dev/null && command -v vcs && vcs --version
exit_code=0
--- stdout ---
$HOME/anaconda3/envs/bigsmall-ros2-jazzy-moveit/bin/vcs
vcs 1.1.7
$ bash -lc source scripts/phase9/activate_ros2_moveit_env.sh >/dev/null && ros2 pkg prefix bigsmall_sim_bridge
exit_code=0
--- stdout ---
$HOME/bigsmall_runtime/ros2_ws/install
$ bash -lc source scripts/phase9/activate_ros2_moveit_env.sh >/dev/null && printenv ROS_DISTRO RMW_IMPLEMENTATION ROS_DOMAIN_ID
exit_code=0
--- stdout ---
jazzy
rmw_fastrtps_cpp
91
$ bash -lc source scripts/phase9/activate_ros2_moveit_env.sh >/dev/null && export ROS_DOMAIN_ID=25 && python scripts/phase9/run_ros2_runtime_evidence.py --output artifacts/phase9_1/ros2
exit_code=0
--- stdout ---
{
  "artifact_provenance_complete": true,
  "checks": {
    "action_cancel": {
      "command": [
        "python",
        "scripts/phase9/run_ros2_runtime_evidence.py",
        "--check",
        "action_cancel"
      ],
      "end_wall_time": "2026-06-16T16:17:52.327086Z",
      "exit_code": 0,
      "log_path": "artifacts/phase9_1/ros2/logs/action_cancel.json",
      "observed_result": {
        "cancel_return_code": 5,
        "feedback_count": 6,
        "status": "CANCELED"
      },
      "passed": true,
      "ros_time": {
        "nanosec": 380000000,
        "sec": 2
      },
      "start_wall_time": "2026-06-16T16:17:52.204711Z"
    },
    "action_success": {
      "command": [
        "python",
        "scripts/phase9/run_ros2_runtime_evidence.py",
        "--check",
        "action_success"
      ],
      "end_wall_time": "2026-06-16T16:17:52.201826Z",
      "exit_code": 0,
      "log_path": "artifacts/phase9_1/ros2/logs/action_success.json",
      "observed_result": {
        "feedback_count": 5,
        "final_sim_time_s": 2.2600000000000016,
        "status": "SUCCEEDED"
      },
      "passed": true,
      "ros_time": {
        "nanosec": 260000000,
        "sec": 2
      },
      "start_wall_time": "2026-06-16T16:17:52.111640Z"
    },
    "action_timeout": {
      "command": [
        "python",
        "scripts/phase9/run_ros2_runtime_evidence.py",
        "--check",
        "action_timeout"
      ],
      "end_wall_time": "2026-06-16T16:17:52.204548Z",
      "exit_code": 0,
      "log_path": "artifacts/phase9_1/ros2/logs/action_timeout.json",
      "observed_result": {
        "feedback_count": 0,
        "status": "TIMEOUT"
      },
      "passed": true,
      "ros_time": {
        "nanosec": 260000000,
        "sec": 2
      },
      "start_wall_time": "2026-06-16T16:17:52.202093Z"
    },
    "custom_message": {
      "command": [
        "python",
        "scripts/phase9/run_ros2_runtime_evidence.py",
        "--check",
        "custom_message"
      ],
      "end_wall_time": "2026-06-16T16:17:56.607030Z",
      "exit_code": 0,
      "log_path": "artifacts/phase9_1/ros2/logs/custom_message.json",
      "observed_result": {
        "received_count": 1,
        "stamp": {
          "nanosec": 123000000,
          "sec": 7
        }
      },
      "passed": true,
      "ros_time": {
        "nanosec": 720000000,
        "sec": 0
      },
      "start_wall_time": "2026-06-16T16:17:55.899055Z"
    },
    "custom_service": {
      "command": [
        "python",
        "scripts/phase9/run_ros2_runtime_evidence.py",
        "--check",
        "custom_service"
      ],
      "end_wall_time": "2026-06-16T16:17:55.898892Z",
      "exit_code": 0,
      "log_path": "artifacts/phase9_1/ros2/logs/custom_service.json",
      "observed_result": {
        "emergency_stop_status": "EMERGENCY_STOPPED",
        "load_scenario_status": "SCENARIO_LOADED"
      },
      "passed": true,
      "ros_time": {
        "nanosec": 480000000,
        "sec": 2
      },
      "start_wall_time": "2026-06-16T16:17:55.896597Z"
    },
    "namespace_isolation": {
      "command": [
        "python",
        "scripts/phase9/run_ros2_runtime_evidence.py",
        "--check",
        "namespace_isolation"
      ],
      "end_wall_time": "2026-06-16T16:17:51.371223Z",
      "exit_code": 0,
      "log_path": "artifacts/phase9_1/ros2/logs/namespace_isolation.json",
      "observed_result": {
        "tenant_a_messages": 1,
        "tenant_b_messages": 0
      },
      "passed": true,
      "ros_time": {
        "nanosec": 440000000,
        "sec": 1
      },
      "start_wall_time": "2026-06-16T16:17:50.651435Z"
    },
    "node_crash": {
      "command": [
        "python",
        "scripts/phase9/run_ros2_runtime_evidence.py",
        "--check",
        "node_crash"
      ],
      "end_wall_time": "2026-06-16T16:17:53.139354Z",
      "exit_code": 0,
      "log_path": "artifacts/phase9_1/ros2/logs/node_crash.json",
      "observed_result": {
        "bridge_log": "artifacts/phase9_1/ros2/logs/bigsmall_sim_bridge.log",
        "pid": 2891606,
        "return_code": -9
      },
      "passed": true,
      "ros_time": {
        "nanosec": 200000000,
        "sec": 3
      },
      "start_wall_time": "2026-06-16T16:17:53.135973Z"
    },
    "node_restart_reconnect": {
      "command": [
        "python",
        "scripts/phase9/run_ros2_runtime_evidence.py",
        "--check",
        "node_restart_reconnect"
      ],
      "end_wall_time": "2026-06-16T16:17:55.896281Z",
      "exit_code": 0,
      "log_path": "artifacts/phase9_1/ros2/logs/node_restart_reconnect.json",
      "observed_result": {
        "accepted": true,
        "bridge_log": "artifacts/phase9_1/ros2/logs/bigsmall_sim_bridge.log",
        "status": "SCENARIO_LOADED"
      },
      "passed": true,
      "ros_time": {
        "nanosec": 480000000,
        "sec": 2
      },
      "start_wall_time": "2026-06-16T16:17:53.139537Z"
    },
    "qos_compatible": {
      "command": [
        "python",
        "scripts/phase9/run_ros2_runtime_evidence.py",
        "--check",
        "qos_compatible"
      ],
      "end_wall_time": "2026-06-16T16:17:49.932187Z",
      "exit_code": 0,
      "log_path": "artifacts/phase9_1/ros2/logs/qos_compatible.json",
      "observed_result": {
        "physics_steps": 5,
        "service_status": "RESET",
        "status": "RUNNING"
      },
      "passed": true,
      "ros_time": {
        "nanosec": 100000000,
        "sec": 0
      },
      "start_wall_time": "2026-06-16T16:17:49.911121Z"
    },
    "qos_incompatible": {
      "command": [
        "python",
        "scripts/phase9/run_ros2_runtime_evidence.py",
        "--check",
        "qos_incompatible"
      ],
      "end_wall_time": "2026-06-16T16:17:50.651131Z",
      "exit_code": 0,
      "log_path": "artifacts/phase9_1/ros2/logs/qos_incompatible.json",
      "observed_result": {
        "expected": "reliable subscriber rejects best-effort-only publisher",
        "received_count": 0
      },
      "passed": true,
      "ros_time": {
        "nanosec": 720000000,
        "sec": 0
      },
      "start_wall_time": "2026-06-16T16:17:49.932561Z"
    },
    "ros_timestamp": {
      "command": [
        "python",
        "scripts/phase9/run_ros2_runtime_evidence.py",
        "--check",
        "ros_timestamp"
      ],
      "end_wall_time": "2026-06-16T16:17:51.390882Z",
      "exit_code": 0,
      "log_path": "artifacts/phase9_1/ros2/logs/ros_timestamp.json",
      "observed_result": {
        "ros_time_s": 1.4600000000000009,
        "stamp": {
          "nanosec": 460000000,
          "sec": 1
        }
      },
      "passed": true,
      "ros_time": {
        "nanosec": 460000000,
        "sec": 1
      },
      "start_wall_time": "2026-06-16T16:17:51.371590Z"
    },
    "sensor_timestamp": {
      "command": [
        "python",
        "scripts/phase9/run_ros2_runtime_evidence.py",
        "--check",
        "sensor_timestamp"
      ],
      "end_wall_time": "2026-06-16T16:17:52.111345Z",
      "exit_code": 0,
      "log_path": "artifacts/phase9_1/ros2/logs/sensor_timestamp.json",
      "observed_result": {
        "received_count": 1,
        "stamp": {
          "nanosec": 123000000,
          "sec": 7
        }
      },
      "passed": true,
      "ros_time": {
        "nanosec": 180000000,
        "sec": 2
      },
      "start_wall_time": "2026-06-16T16:17:51.391075Z"
    },
    "stale_feedback": {
      "command": [
        "python",
        "scripts/phase9/run_ros2_runtime_evidence.py",
        "--check",
        "stale_feedback"
      ],
      "end_wall_time": "2026-06-16T16:17:53.135710Z",
      "exit_code": 0,
      "log_path": "artifacts/phase9_1/ros2/logs/stale_feedback.json",
      "observed_result": {
        "feedback_count": 21,
        "stale_feedback_samples": 1,
        "status": "SUCCEEDED"
      },
      "passed": true,
      "ros_time": {
        "nanosec": 200000000,
        "sec": 3
      },
      "start_wall_time": "2026-06-16T16:17:52.327252Z"
    }
  },
  "log_integrity": {
    "checked_logs": [
      "artifacts/phase9_1/ros2/logs/bigsmall_sim_bridge.log"
    ],
    "passed": true,
    "violations": []
  },
  "process_provenance": {
    "node": "bigsmall_sim_bridge",
    "rmw_implementation": "rmw_fastrtps_cpp",
    "ros_distro": "jazzy",
    "ros_domain_id": "25",
    "runtime": "ros2-rclpy"
  },
  "status": "ROS2_INTEGRATION_VALIDATED",
  "validation_claimed": true
}
--- stderr ---
[WARN] [1781626670.146620041] [phase9_1_ros2_runtime_evidence]: New subscription discovered on topic '/bigsmall/qos_incompatible_probe', requesting incompatible QoS. No messages will be sent to it. Last incompatible policy: RELIABILITY
[WARN] [1781626670.146947849] [phase9_1_ros2_runtime_evidence]: New publisher discovered on topic '/bigsmall/qos_incompatible_probe', offering incompatible QoS. No messages will be received from it. Last incompatible policy: RELIABILITY
